28-Jan-2020 21:21:17.189 INFO [main] org.apache.catalina.core.AprLifecycleListener.lifecycleEvent The APR based Apache Tomcat Native library which allows optimal performance in production environments was not found on the java.library.path: [/usr/java/packages/lib/amd64:/usr/lib64:/lib64:/lib:/usr/lib]
28-Jan-2020 21:21:18.811 INFO [main] org.apache.coyote.AbstractProtocol.init Initializing ProtocolHandler ["http-nio-8080"]
28-Jan-2020 21:21:18.931 INFO [main] org.apache.coyote.AbstractProtocol.init Initializing ProtocolHandler ["ajp-nio-8009"]
28-Jan-2020 21:21:18.934 INFO [main] org.apache.catalina.startup.Catalina.load Server initialization in [4 412] milliseconds
28-Jan-2020 21:21:19.033 INFO [main] org.apache.catalina.core.StandardService.startInternal Starting service [Catalina]
28-Jan-2020 21:21:19.034 INFO [main] org.apache.catalina.core.StandardEngine.startInternal Starting Servlet engine: [Apache Tomcat/9.0.19]
28-Jan-2020 21:21:19.059 INFO [main] org.apache.catalina.startup.HostConfig.deployDirectory Установка веб приложения в папку [/home/brrr/StudioProjects/mailreader/deploy/tomcat/webapps/app]
28-Jan-2020 21:21:41.150 WARNING [main] org.apache.catalina.util.SessionIdGeneratorBase.createSecureRandom Creation of SecureRandom instance for session ID generation using [SHA1PRNG] took [201] milliseconds.
28-Jan-2020 21:21:43.509 INFO [main] org.apache.catalina.startup.HostConfig.deployDirectory Deployment of web application directory [/home/brrr/StudioProjects/mailreader/deploy/tomcat/webapps/app] has finished in [24 450] ms
28-Jan-2020 21:21:43.515 INFO [main] org.apache.catalina.startup.HostConfig.deployDirectory Установка веб приложения в папку [/home/brrr/StudioProjects/mailreader/deploy/tomcat/webapps/app-core]
28-Jan-2020 21:21:55.987 SEVERE [main] org.apache.catalina.core.StandardContext.startInternal One or more listeners failed to start. Full details will be found in the appropriate container log file
28-Jan-2020 21:21:55.992 SEVERE [main] org.apache.catalina.core.StandardContext.startInternal Context [/app-core] startup failed due to previous errors
28-Jan-2020 21:21:56.182 INFO [main] org.apache.catalina.startup.HostConfig.deployDirectory Deployment of web application directory [/home/brrr/StudioProjects/mailreader/deploy/tomcat/webapps/app-core] has finished in [12 667] ms
28-Jan-2020 21:21:56.304 INFO [main] org.apache.coyote.AbstractProtocol.start Starting ProtocolHandler ["http-nio-8080"]
28-Jan-2020 21:21:56.427 INFO [main] org.apache.coyote.AbstractProtocol.start Starting ProtocolHandler ["ajp-nio-8009"]
28-Jan-2020 21:21:56.453 INFO [main] org.apache.catalina.startup.Catalina.start Server startup in [37 517] milliseconds
28-Jan-2020 21:24:35.616 INFO [main] org.apache.catalina.core.AprLifecycleListener.lifecycleEvent The APR based Apache Tomcat Native library which allows optimal performance in production environments was not found on the java.library.path: [/usr/java/packages/lib/amd64:/usr/lib64:/lib64:/lib:/usr/lib]
28-Jan-2020 21:24:37.291 INFO [main] org.apache.coyote.AbstractProtocol.init Initializing ProtocolHandler ["http-nio-8080"]
28-Jan-2020 21:24:37.384 INFO [main] org.apache.coyote.AbstractProtocol.init Initializing ProtocolHandler ["ajp-nio-8009"]
28-Jan-2020 21:24:37.387 INFO [main] org.apache.catalina.startup.Catalina.load Server initialization in [3 923] milliseconds
28-Jan-2020 21:24:37.498 INFO [main] org.apache.catalina.core.StandardService.startInternal Starting service [Catalina]
28-Jan-2020 21:24:37.499 INFO [main] org.apache.catalina.core.StandardEngine.startInternal Starting Servlet engine: [Apache Tomcat/9.0.19]
28-Jan-2020 21:24:37.522 INFO [main] org.apache.catalina.startup.HostConfig.deployDirectory Установка веб приложения в папку [/home/brrr/StudioProjects/mailreader/deploy/tomcat/webapps/app]
28-Jan-2020 21:24:48.505 INFO [main] org.apache.catalina.startup.HostConfig.deployDirectory Deployment of web application directory [/home/brrr/StudioProjects/mailreader/deploy/tomcat/webapps/app] has finished in [10 982] ms
28-Jan-2020 21:24:48.506 INFO [main] org.apache.catalina.startup.HostConfig.deployDirectory Установка веб приложения в папку [/home/brrr/StudioProjects/mailreader/deploy/tomcat/webapps/app-core]
28-Jan-2020 21:24:56.642 SEVERE [main] org.apache.catalina.core.StandardContext.startInternal One or more listeners failed to start. Full details will be found in the appropriate container log file
28-Jan-2020 21:24:56.643 SEVERE [main] org.apache.catalina.core.StandardContext.startInternal Context [/app-core] startup failed due to previous errors
28-Jan-2020 21:24:56.688 INFO [main] org.apache.catalina.startup.HostConfig.deployDirectory Deployment of web application directory [/home/brrr/StudioProjects/mailreader/deploy/tomcat/webapps/app-core] has finished in [8 182] ms
28-Jan-2020 21:24:56.698 INFO [main] org.apache.coyote.AbstractProtocol.start Starting ProtocolHandler ["http-nio-8080"]
28-Jan-2020 21:24:56.719 INFO [main] org.apache.coyote.AbstractProtocol.start Starting ProtocolHandler ["ajp-nio-8009"]
28-Jan-2020 21:24:56.736 INFO [main] org.apache.catalina.startup.Catalina.start Server startup in [19 347] milliseconds
28-Jan-2020 21:26:17.368 INFO [main] org.apache.catalina.core.AprLifecycleListener.lifecycleEvent The APR based Apache Tomcat Native library which allows optimal performance in production environments was not found on the java.library.path: [/usr/java/packages/lib/amd64:/usr/lib64:/lib64:/lib:/usr/lib]
28-Jan-2020 21:26:17.564 INFO [main] org.apache.coyote.AbstractProtocol.init Initializing ProtocolHandler ["http-nio-8080"]
28-Jan-2020 21:26:17.591 INFO [main] org.apache.coyote.AbstractProtocol.init Initializing ProtocolHandler ["ajp-nio-8009"]
28-Jan-2020 21:26:17.594 INFO [main] org.apache.catalina.startup.Catalina.load Server initialization in [590] milliseconds
28-Jan-2020 21:26:17.628 INFO [main] org.apache.catalina.core.StandardService.startInternal Starting service [Catalina]
28-Jan-2020 21:26:17.630 INFO [main] org.apache.catalina.core.StandardEngine.startInternal Starting Servlet engine: [Apache Tomcat/9.0.19]
28-Jan-2020 21:26:17.641 INFO [main] org.apache.catalina.startup.HostConfig.deployDirectory Установка веб приложения в папку [/home/brrr/StudioProjects/mailreader/deploy/tomcat/webapps/app]
28-Jan-2020 21:26:24.108 INFO [main] org.apache.catalina.startup.HostConfig.deployDirectory Deployment of web application directory [/home/brrr/StudioProjects/mailreader/deploy/tomcat/webapps/app] has finished in [6 467] ms
28-Jan-2020 21:26:24.109 INFO [main] org.apache.catalina.startup.HostConfig.deployDirectory Установка веб приложения в папку [/home/brrr/StudioProjects/mailreader/deploy/tomcat/webapps/app-core]
28-Jan-2020 21:26:29.751 SEVERE [main] org.apache.catalina.core.StandardContext.startInternal One or more listeners failed to start. Full details will be found in the appropriate container log file
28-Jan-2020 21:26:29.767 SEVERE [main] org.apache.catalina.core.StandardContext.startInternal Context [/app-core] startup failed due to previous errors
28-Jan-2020 21:26:29.781 INFO [main] org.apache.catalina.startup.HostConfig.deployDirectory Deployment of web application directory [/home/brrr/StudioProjects/mailreader/deploy/tomcat/webapps/app-core] has finished in [5 672] ms
28-Jan-2020 21:26:29.786 INFO [main] org.apache.coyote.AbstractProtocol.start Starting ProtocolHandler ["http-nio-8080"]
28-Jan-2020 21:26:29.806 INFO [main] org.apache.coyote.AbstractProtocol.start Starting ProtocolHandler ["ajp-nio-8009"]
28-Jan-2020 21:26:29.817 INFO [main] org.apache.catalina.startup.Catalina.start Server startup in [12 221] milliseconds
28-Jan-2020 21:41:01.480 INFO [main] org.apache.catalina.core.AprLifecycleListener.lifecycleEvent The APR based Apache Tomcat Native library which allows optimal performance in production environments was not found on the java.library.path: [/usr/java/packages/lib/amd64:/usr/lib64:/lib64:/lib:/usr/lib]
28-Jan-2020 21:41:02.655 INFO [main] org.apache.coyote.AbstractProtocol.init Initializing ProtocolHandler ["http-nio-8080"]
28-Jan-2020 21:41:02.754 INFO [main] org.apache.coyote.AbstractProtocol.init Initializing ProtocolHandler ["ajp-nio-8009"]
28-Jan-2020 21:41:02.761 INFO [main] org.apache.catalina.startup.Catalina.load Server initialization in [2 083] milliseconds
28-Jan-2020 21:41:02.855 INFO [main] org.apache.catalina.core.StandardService.startInternal Starting service [Catalina]
28-Jan-2020 21:41:02.856 INFO [main] org.apache.catalina.core.StandardEngine.startInternal Starting Servlet engine: [Apache Tomcat/9.0.19]
28-Jan-2020 21:41:02.879 INFO [main] org.apache.catalina.startup.HostConfig.deployDirectory Установка веб приложения в папку [/home/brrr/StudioProjects/mailreader/deploy/tomcat/webapps/app]
28-Jan-2020 21:41:17.197 INFO [main] org.apache.catalina.startup.HostConfig.deployDirectory Deployment of web application directory [/home/brrr/StudioProjects/mailreader/deploy/tomcat/webapps/app] has finished in [14 318] ms
28-Jan-2020 21:41:17.198 INFO [main] org.apache.catalina.startup.HostConfig.deployDirectory Установка веб приложения в папку [/home/brrr/StudioProjects/mailreader/deploy/tomcat/webapps/app-core]
28-Jan-2020 21:41:25.160 SEVERE [main] org.apache.catalina.core.StandardContext.startInternal One or more listeners failed to start. Full details will be found in the appropriate container log file
28-Jan-2020 21:41:25.173 SEVERE [main] org.apache.catalina.core.StandardContext.startInternal Context [/app-core] startup failed due to previous errors
28-Jan-2020 21:41:25.478 INFO [main] org.apache.catalina.startup.HostConfig.deployDirectory Deployment of web application directory [/home/brrr/StudioProjects/mailreader/deploy/tomcat/webapps/app-core] has finished in [8 280] ms
28-Jan-2020 21:41:25.525 INFO [main] org.apache.coyote.AbstractProtocol.start Starting ProtocolHandler ["http-nio-8080"]
28-Jan-2020 21:41:25.548 INFO [main] org.apache.coyote.AbstractProtocol.start Starting ProtocolHandler ["ajp-nio-8009"]
28-Jan-2020 21:41:25.551 INFO [main] org.apache.catalina.startup.Catalina.start Server startup in [22 788] milliseconds
28-Jan-2020 21:45:11.033 INFO [main] org.apache.catalina.core.AprLifecycleListener.lifecycleEvent The APR based Apache Tomcat Native library which allows optimal performance in production environments was not found on the java.library.path: [/usr/java/packages/lib/amd64:/usr/lib64:/lib64:/lib:/usr/lib]
28-Jan-2020 21:45:12.456 INFO [main] org.apache.coyote.AbstractProtocol.init Initializing ProtocolHandler ["http-nio-8080"]
28-Jan-2020 21:45:12.541 INFO [main] org.apache.coyote.AbstractProtocol.init Initializing ProtocolHandler ["ajp-nio-8009"]
28-Jan-2020 21:45:12.560 INFO [main] org.apache.catalina.startup.Catalina.load Server initialization in [2 578] milliseconds
28-Jan-2020 21:45:12.700 INFO [main] org.apache.catalina.core.StandardService.startInternal Starting service [Catalina]
28-Jan-2020 21:45:12.700 INFO [main] org.apache.catalina.core.StandardEngine.startInternal Starting Servlet engine: [Apache Tomcat/9.0.19]
28-Jan-2020 21:45:12.723 INFO [main] org.apache.catalina.startup.HostConfig.deployDirectory Установка веб приложения в папку [/home/brrr/StudioProjects/mailreader/deploy/tomcat/webapps/app]
28-Jan-2020 21:45:22.683 INFO [main] org.apache.catalina.startup.HostConfig.deployDirectory Deployment of web application directory [/home/brrr/StudioProjects/mailreader/deploy/tomcat/webapps/app] has finished in [9 960] ms
28-Jan-2020 21:45:22.684 INFO [main] org.apache.catalina.startup.HostConfig.deployDirectory Установка веб приложения в папку [/home/brrr/StudioProjects/mailreader/deploy/tomcat/webapps/app-core]
28-Jan-2020 21:45:37.111 INFO [main] org.apache.catalina.core.AprLifecycleListener.lifecycleEvent The APR based Apache Tomcat Native library which allows optimal performance in production environments was not found on the java.library.path: [/usr/java/packages/lib/amd64:/usr/lib64:/lib64:/lib:/usr/lib]
28-Jan-2020 21:45:37.344 INFO [main] org.apache.coyote.AbstractProtocol.init Initializing ProtocolHandler ["http-nio-8080"]
28-Jan-2020 21:45:37.406 INFO [main] org.apache.coyote.AbstractProtocol.init Initializing ProtocolHandler ["ajp-nio-8009"]
28-Jan-2020 21:45:37.413 INFO [main] org.apache.catalina.startup.Catalina.load Server initialization in [896] milliseconds
28-Jan-2020 21:45:37.485 INFO [main] org.apache.catalina.core.StandardService.startInternal Starting service [Catalina]
28-Jan-2020 21:45:37.486 INFO [main] org.apache.catalina.core.StandardEngine.startInternal Starting Servlet engine: [Apache Tomcat/9.0.19]
28-Jan-2020 21:45:37.504 INFO [main] org.apache.catalina.startup.HostConfig.deployDirectory Установка веб приложения в папку [/home/brrr/StudioProjects/mailreader/deploy/tomcat/webapps/app]
28-Jan-2020 21:45:44.238 INFO [main] org.apache.catalina.startup.HostConfig.deployDirectory Deployment of web application directory [/home/brrr/StudioProjects/mailreader/deploy/tomcat/webapps/app] has finished in [6 734] ms
28-Jan-2020 21:45:44.239 INFO [main] org.apache.catalina.startup.HostConfig.deployDirectory Установка веб приложения в папку [/home/brrr/StudioProjects/mailreader/deploy/tomcat/webapps/app-core]
28-Jan-2020 21:45:49.342 SEVERE [main] org.apache.catalina.core.StandardContext.startInternal One or more listeners failed to start. Full details will be found in the appropriate container log file
28-Jan-2020 21:45:49.344 SEVERE [main] org.apache.catalina.core.StandardContext.startInternal Context [/app-core] startup failed due to previous errors
28-Jan-2020 21:45:49.392 INFO [main] org.apache.catalina.startup.HostConfig.deployDirectory Deployment of web application directory [/home/brrr/StudioProjects/mailreader/deploy/tomcat/webapps/app-core] has finished in [5 152] ms
28-Jan-2020 21:45:49.400 INFO [main] org.apache.coyote.AbstractProtocol.start Starting ProtocolHandler ["http-nio-8080"]
28-Jan-2020 21:45:49.487 INFO [main] org.apache.coyote.AbstractProtocol.start Starting ProtocolHandler ["ajp-nio-8009"]
28-Jan-2020 21:45:49.495 INFO [main] org.apache.catalina.startup.Catalina.start Server startup in [12 078] milliseconds
28-Jan-2020 21:55:50.256 INFO [main] org.apache.catalina.core.AprLifecycleListener.lifecycleEvent The APR based Apache Tomcat Native library which allows optimal performance in production environments was not found on the java.library.path: [/usr/java/packages/lib/amd64:/usr/lib64:/lib64:/lib:/usr/lib]
28-Jan-2020 21:55:51.773 INFO [main] org.apache.coyote.AbstractProtocol.init Initializing ProtocolHandler ["http-nio-8080"]
28-Jan-2020 21:55:51.869 INFO [main] org.apache.coyote.AbstractProtocol.init Initializing ProtocolHandler ["ajp-nio-8009"]
28-Jan-2020 21:55:51.872 INFO [main] org.apache.catalina.startup.Catalina.load Server initialization in [2 875] milliseconds
28-Jan-2020 21:55:51.971 INFO [main] org.apache.catalina.core.StandardService.startInternal Starting service [Catalina]
28-Jan-2020 21:55:51.972 INFO [main] org.apache.catalina.core.StandardEngine.startInternal Starting Servlet engine: [Apache Tomcat/9.0.19]
28-Jan-2020 21:55:51.996 INFO [main] org.apache.catalina.startup.HostConfig.deployDirectory Установка веб приложения в папку [/home/brrr/StudioProjects/mailreader/deploy/tomcat/webapps/app]
28-Jan-2020 21:56:04.622 INFO [main] org.apache.catalina.startup.HostConfig.deployDirectory Deployment of web application directory [/home/brrr/StudioProjects/mailreader/deploy/tomcat/webapps/app] has finished in [12 626] ms
28-Jan-2020 21:56:04.623 INFO [main] org.apache.catalina.startup.HostConfig.deployDirectory Установка веб приложения в папку [/home/brrr/StudioProjects/mailreader/deploy/tomcat/webapps/app-core]
28-Jan-2020 21:56:14.648 INFO [main] org.apache.catalina.startup.HostConfig.deployDirectory Deployment of web application directory [/home/brrr/StudioProjects/mailreader/deploy/tomcat/webapps/app-core] has finished in [10 025] ms
28-Jan-2020 21:56:14.654 INFO [main] org.apache.coyote.AbstractProtocol.start Starting ProtocolHandler ["http-nio-8080"]
28-Jan-2020 21:56:14.676 INFO [main] org.apache.coyote.AbstractProtocol.start Starting ProtocolHandler ["ajp-nio-8009"]
28-Jan-2020 21:56:14.685 INFO [main] org.apache.catalina.startup.Catalina.start Server startup in [22 812] milliseconds
28-Jan-2020 22:03:03.753 INFO [main] org.apache.catalina.core.AprLifecycleListener.lifecycleEvent The APR based Apache Tomcat Native library which allows optimal performance in production environments was not found on the java.library.path: [/usr/java/packages/lib/amd64:/usr/lib64:/lib64:/lib:/usr/lib]
28-Jan-2020 22:03:08.664 INFO [main] org.apache.coyote.AbstractProtocol.init Initializing ProtocolHandler ["http-nio-8080"]
28-Jan-2020 22:03:08.984 INFO [main] org.apache.coyote.AbstractProtocol.init Initializing ProtocolHandler ["ajp-nio-8009"]
28-Jan-2020 22:03:09.009 INFO [main] org.apache.catalina.startup.Catalina.load Server initialization in [7 513] milliseconds
28-Jan-2020 22:03:09.287 INFO [main] org.apache.catalina.core.StandardService.startInternal Starting service [Catalina]
28-Jan-2020 22:03:09.288 INFO [main] org.apache.catalina.core.StandardEngine.startInternal Starting Servlet engine: [Apache Tomcat/9.0.19]
28-Jan-2020 22:03:09.311 INFO [main] org.apache.catalina.startup.HostConfig.deployDirectory Установка веб приложения в папку [/home/brrr/StudioProjects/mailreader/deploy/tomcat/webapps/app]
28-Jan-2020 22:03:30.835 WARNING [main] org.apache.catalina.util.SessionIdGeneratorBase.createSecureRandom Creation of SecureRandom instance for session ID generation using [SHA1PRNG] took [108] milliseconds.
28-Jan-2020 22:03:34.393 INFO [main] org.apache.catalina.startup.HostConfig.deployDirectory Deployment of web application directory [/home/brrr/StudioProjects/mailreader/deploy/tomcat/webapps/app] has finished in [25 082] ms
28-Jan-2020 22:03:34.395 INFO [main] org.apache.catalina.startup.HostConfig.deployDirectory Установка веб приложения в папку [/home/brrr/StudioProjects/mailreader/deploy/tomcat/webapps/app-core]
28-Jan-2020 22:03:49.207 INFO [main] org.apache.catalina.startup.HostConfig.deployDirectory Deployment of web application directory [/home/brrr/StudioProjects/mailreader/deploy/tomcat/webapps/app-core] has finished in [14 812] ms
28-Jan-2020 22:03:49.213 INFO [main] org.apache.coyote.AbstractProtocol.start Starting ProtocolHandler ["http-nio-8080"]
28-Jan-2020 22:03:49.238 INFO [main] org.apache.coyote.AbstractProtocol.start Starting ProtocolHandler ["ajp-nio-8009"]
28-Jan-2020 22:03:49.260 INFO [main] org.apache.catalina.startup.Catalina.start Server startup in [40 249] milliseconds
28-Jan-2020 22:09:29.447 INFO [main] org.apache.catalina.core.AprLifecycleListener.lifecycleEvent The APR based Apache Tomcat Native library which allows optimal performance in production environments was not found on the java.library.path: [/usr/java/packages/lib/amd64:/usr/lib64:/lib64:/lib:/usr/lib]
28-Jan-2020 22:09:29.776 INFO [main] org.apache.coyote.AbstractProtocol.init Initializing ProtocolHandler ["http-nio-8080"]
28-Jan-2020 22:09:29.817 INFO [main] org.apache.coyote.AbstractProtocol.init Initializing ProtocolHandler ["ajp-nio-8009"]
28-Jan-2020 22:09:29.824 INFO [main] org.apache.catalina.startup.Catalina.load Server initialization in [1 021] milliseconds
28-Jan-2020 22:09:29.904 INFO [main] org.apache.catalina.core.StandardService.startInternal Starting service [Catalina]
28-Jan-2020 22:09:29.905 INFO [main] org.apache.catalina.core.StandardEngine.startInternal Starting Servlet engine: [Apache Tomcat/9.0.19]
28-Jan-2020 22:09:29.917 INFO [main] org.apache.catalina.startup.HostConfig.deployDirectory Установка веб приложения в папку [/home/brrr/StudioProjects/mailreader/deploy/tomcat/webapps/app]
28-Jan-2020 22:09:38.095 INFO [main] org.apache.catalina.startup.HostConfig.deployDirectory Deployment of web application directory [/home/brrr/StudioProjects/mailreader/deploy/tomcat/webapps/app] has finished in [8 178] ms
28-Jan-2020 22:09:38.096 INFO [main] org.apache.catalina.startup.HostConfig.deployDirectory Установка веб приложения в папку [/home/brrr/StudioProjects/mailreader/deploy/tomcat/webapps/app-core]
28-Jan-2020 22:09:45.586 INFO [main] org.apache.catalina.startup.HostConfig.deployDirectory Deployment of web application directory [/home/brrr/StudioProjects/mailreader/deploy/tomcat/webapps/app-core] has finished in [7 490] ms
28-Jan-2020 22:09:45.597 INFO [main] org.apache.coyote.AbstractProtocol.start Starting ProtocolHandler ["http-nio-8080"]
28-Jan-2020 22:09:45.630 INFO [main] org.apache.coyote.AbstractProtocol.start Starting ProtocolHandler ["ajp-nio-8009"]
28-Jan-2020 22:09:45.668 INFO [main] org.apache.catalina.startup.Catalina.start Server startup in [15 840] milliseconds
28-Jan-2020 22:23:07.470 INFO [main] org.apache.catalina.core.AprLifecycleListener.lifecycleEvent The APR based Apache Tomcat Native library which allows optimal performance in production environments was not found on the java.library.path: [/usr/java/packages/lib/amd64:/usr/lib64:/lib64:/lib:/usr/lib]
28-Jan-2020 22:23:07.640 INFO [main] org.apache.coyote.AbstractProtocol.init Initializing ProtocolHandler ["http-nio-8080"]
28-Jan-2020 22:23:07.666 INFO [main] org.apache.coyote.AbstractProtocol.init Initializing ProtocolHandler ["ajp-nio-8009"]
28-Jan-2020 22:23:07.672 INFO [main] org.apache.catalina.startup.Catalina.load Server initialization in [544] milliseconds
28-Jan-2020 22:23:07.704 INFO [main] org.apache.catalina.core.StandardService.startInternal Starting service [Catalina]
28-Jan-2020 22:23:07.705 INFO [main] org.apache.catalina.core.StandardEngine.startInternal Starting Servlet engine: [Apache Tomcat/9.0.19]
28-Jan-2020 22:23:07.716 INFO [main] org.apache.catalina.startup.HostConfig.deployDirectory Установка веб приложения в папку [/home/brrr/StudioProjects/mailreader/deploy/tomcat/webapps/app]
28-Jan-2020 22:23:13.796 INFO [main] org.apache.catalina.startup.HostConfig.deployDirectory Deployment of web application directory [/home/brrr/StudioProjects/mailreader/deploy/tomcat/webapps/app] has finished in [6 080] ms
28-Jan-2020 22:23:13.797 INFO [main] org.apache.catalina.startup.HostConfig.deployDirectory Установка веб приложения в папку [/home/brrr/StudioProjects/mailreader/deploy/tomcat/webapps/app-core]
28-Jan-2020 22:23:20.302 INFO [main] org.apache.catalina.startup.HostConfig.deployDirectory Deployment of web application directory [/home/brrr/StudioProjects/mailreader/deploy/tomcat/webapps/app-core] has finished in [6 505] ms
28-Jan-2020 22:23:20.318 INFO [main] org.apache.coyote.AbstractProtocol.start Starting ProtocolHandler ["http-nio-8080"]
28-Jan-2020 22:23:20.337 INFO [main] org.apache.coyote.AbstractProtocol.start Starting ProtocolHandler ["ajp-nio-8009"]
28-Jan-2020 22:23:20.358 INFO [main] org.apache.catalina.startup.Catalina.start Server startup in [12 684] milliseconds
