Performance Statistics   2020-01-28 21:21:00 - 2020-01-28 21:22:00
Tag                                                  Avg(ms)         Min         Max     Std Dev       Count
LoadClass                                                0,0           0           0         0,0          12
Messages.searchClasspath                                 0,7           0          44         4,8         108
Messages.searchFiles                                     0,5           0          58         5,6         108
Metadata.replaceExtendedMetaClasses                      1,0           1           1         0,0           1
WebJARs                                                 49,0          49          49         0,0           1

Performance Statistics   2020-01-28 21:24:00 - 2020-01-28 21:25:00
Tag                                                  Avg(ms)         Min         Max     Std Dev       Count
LoadClass                                                0,0           0           0         0,0          12
Messages.searchClasspath                                 0,2           0           8         0,9         108
Messages.searchFiles                                     0,4           0          47         4,5         108
Metadata.replaceExtendedMetaClasses                      1,0           1           1         0,0           1
WebJARs                                                 10,0          10          10         0,0           1

Performance Statistics   2020-01-28 21:26:00 - 2020-01-28 21:27:00
Tag                                                  Avg(ms)         Min         Max     Std Dev       Count
LoadClass                                                0,0           0           0         0,0          12
Messages.searchClasspath                                 1,4           0          95        10,0         108
Messages.searchFiles                                     0,2           0          19         1,8         108
Metadata.replaceExtendedMetaClasses                      1,0           1           1         0,0           1
WebJARs                                                 10,0          10          10         0,0           1

Performance Statistics   2020-01-28 21:41:00 - 2020-01-28 21:42:00
Tag                                                  Avg(ms)         Min         Max     Std Dev       Count
LoadClass                                                0,2           0           2         0,6          12
Messages.searchClasspath                                 0,7           0          64         6,2         108
Messages.searchFiles                                     0,4           0          47         4,5         108
Metadata.replaceExtendedMetaClasses                      1,0           1           1         0,0           1
WebJARs                                                 11,0          11          11         0,0           1

Performance Statistics   2020-01-28 21:45:00 - 2020-01-28 21:46:00
Tag                                                  Avg(ms)         Min         Max     Std Dev       Count
LoadClass                                                0,2           0           1         0,4          12
Messages.searchClasspath                                 0,5           0          31         3,2         108
Messages.searchFiles                                     0,1           0          12         1,1         108
Metadata.replaceExtendedMetaClasses                      1,0           1           1         0,0           1
WebJARs                                                 14,0          14          14         0,0           1

Performance Statistics   2020-01-28 21:56:00 - 2020-01-28 21:57:00
Tag                                                  Avg(ms)         Min         Max     Std Dev       Count
LoadClass                                                0,1           0           1         0,3          12
Messages.searchClasspath                                 0,1           0           7         0,8         108
Messages.searchFiles                                     0,4           0          47         4,5         108
Metadata.replaceExtendedMetaClasses                      1,0           1           1         0,0           2
WebJARs                                                 10,0          10          10         0,0           1

Performance Statistics   2020-01-28 21:57:00 - 2020-01-28 21:58:00
Tag                                                  Avg(ms)         Min         Max     Std Dev       Count
LoadClass                                                7,0           5           9         2,0           2
Messages.searchClasspath                                 0,0           0           1         0,1         225
Messages.searchFiles                                     0,0           0           0         0,0         225
PersistenceSecurity.applyConstraints(..)                 4,0           4           4         0,0           1
ViewRepository.init.ViewRepositoryImpl                  53,0          53          53         0,0           1

Performance Statistics   2020-01-28 21:58:00 - 2020-01-28 21:59:00
Tag                                                  Avg(ms)         Min         Max     Std Dev       Count
LoadClass                                                2,4           0          12         4,6          10
Messages.searchClasspath                                 0,0           0           5         0,2         497
Messages.searchFiles                                     0,0           0           0         0,0         497
PersistenceSecurity.applyConstraints(..)                 0,6           0           1         0,5           5
ViewRepository.init.ViewRepositoryClientImpl            19,0          19          19         0,0           1

Performance Statistics   2020-01-28 21:59:00 - 2020-01-28 22:00:00
Tag                                                  Avg(ms)         Min         Max     Std Dev       Count
LoadClass                                                6,5           0          61        17,3          11
Messages.searchClasspath                                 0,0           0           1         0,0         688
Messages.searchFiles                                     0,0           0           0         0,0         688
PersistenceSecurity.applyConstraints(..)                 0,2           0           1         0,4           9

Performance Statistics   2020-01-28 22:03:00 - 2020-01-28 22:04:00
Tag                                                  Avg(ms)         Min         Max     Std Dev       Count
LoadClass                                                0,1           0           1         0,3          16
Messages.searchClasspath                                 0,2           0          27         1,6         356
Messages.searchFiles                                     0,4           0         134         7,1         357
Metadata.replaceExtendedMetaClasses                      1,0           1           1         0,0           2
PersistenceSecurity.applyConstraints(..)                 4,0           4           4         0,0           1
ViewRepository.init.ViewRepositoryImpl                  31,0          31          31         0,0           1
WebJARs                                                 12,0          12          12         0,0           1

Performance Statistics   2020-01-28 22:04:00 - 2020-01-28 22:05:00
Tag                                                  Avg(ms)         Min         Max     Std Dev       Count
LoadClass                                                0,6           0           3         1,0           7
Messages.searchClasspath                                 0,0           0           5         0,3         440
Messages.searchFiles                                     0,0           0           0         0,0         440
PersistenceSecurity.applyConstraints(..)                 1,3           0           2         0,8           4
ViewRepository.init.ViewRepositoryClientImpl            21,0          21          21         0,0           1

Performance Statistics   2020-01-28 22:05:00 - 2020-01-28 22:06:00
Tag                                                  Avg(ms)         Min         Max     Std Dev       Count
LoadClass                                                0,5           0           2         0,9           4
Messages.searchClasspath                                 0,0           0           1         0,1          59
Messages.searchFiles                                     0,0           0           0         0,0          59
PersistenceSecurity.applyConstraints(..)                 0,5           0           1         0,5           2

Performance Statistics   2020-01-28 22:06:00 - 2020-01-28 22:07:00
Tag                                                  Avg(ms)         Min         Max     Std Dev       Count

Performance Statistics   2020-01-28 22:07:00 - 2020-01-28 22:08:00
Tag                                                  Avg(ms)         Min         Max     Std Dev       Count

Performance Statistics   2020-01-28 22:09:00 - 2020-01-28 22:10:00
Tag                                                  Avg(ms)         Min         Max     Std Dev       Count
LoadClass                                                0,2           0           1         0,4          12
Messages.searchClasspath                                 0,3           0          14         1,4         132
Messages.searchFiles                                     0,1           0          18         1,6         132
Metadata.replaceExtendedMetaClasses                      1,0           1           1         0,0           2
WebJARs                                                 11,0          11          11         0,0           1

Performance Statistics   2020-01-28 22:10:00 - 2020-01-28 22:11:00
Tag                                                  Avg(ms)         Min         Max     Std Dev       Count
LoadClass                                                1,0           1           1         0,0           3
Messages.searchClasspath                                 0,0           0           4         0,3         531
Messages.searchFiles                                     0,0           0           1         0,0         531
PersistenceSecurity.applyConstraints(..)                 1,0           0           4         1,5           6
ViewRepository.init.ViewRepositoryClientImpl            14,0          14          14         0,0           1
ViewRepository.init.ViewRepositoryImpl                  18,0          18          18         0,0           1

Performance Statistics   2020-01-28 22:11:00 - 2020-01-28 22:12:00
Tag                                                  Avg(ms)         Min         Max     Std Dev       Count
LoadClass                                                1,1           0           3         1,2          15
Messages.searchClasspath                                 0,0           0           3         0,1         896
Messages.searchFiles                                     0,0           0           0         0,0         896
PersistenceSecurity.applyConstraints(..)                 0,3           0           1         0,5          15

Performance Statistics   2020-01-28 22:12:00 - 2020-01-28 22:13:00
Tag                                                  Avg(ms)         Min         Max     Std Dev       Count
LoadClass                                                0,6           0           5         1,0         191
Messages.searchClasspath                                 0,0           0           1         0,1         619
Messages.searchFiles                                     0,0           0           0         0,0         619
PersistenceSecurity.applyConstraints(..)                 0,0           0           0         0,0           4

Performance Statistics   2020-01-28 22:23:00 - 2020-01-28 22:24:00
Tag                                                  Avg(ms)         Min         Max     Std Dev       Count
LoadClass                                                0,2           0           1         0,4          14
Messages.searchClasspath                                 0,1           0           8         0,5         333
Messages.searchFiles                                     0,0           0          11         0,6         333
Metadata.replaceExtendedMetaClasses                      1,5           1           2         0,5           2
PersistenceSecurity.applyConstraints(..)                 4,0           4           4         0,0           1
ViewRepository.init.ViewRepositoryImpl                  18,0          18          18         0,0           1
WebJARs                                                  9,0           9           9         0,0           1

Performance Statistics   2020-01-28 22:24:00 - 2020-01-28 22:25:00
Tag                                                  Avg(ms)         Min         Max     Std Dev       Count
LoadClass                                                1,0           0           2         0,8           3
Messages.searchClasspath                                 0,1           0          33         1,2         806
Messages.searchFiles                                     0,0           0           0         0,0         806
PersistenceSecurity.applyConstraints(..)                 0,8           0           2         0,7           5
ViewRepository.init.ViewRepositoryClientImpl            15,0          15          15         0,0           1

Performance Statistics   2020-01-28 22:25:00 - 2020-01-28 22:26:00
Tag                                                  Avg(ms)         Min         Max     Std Dev       Count

Performance Statistics   2020-01-28 22:26:00 - 2020-01-28 22:27:00
Tag                                                  Avg(ms)         Min         Max     Std Dev       Count
LoadClass                                              258,7           0        1809       632,9           7
Messages.searchClasspath                                 0,0           0           0         0,0         105
Messages.searchFiles                                     0,0           0           0         0,0         105
PersistenceSecurity.applyConstraints(..)                 0,6           0           1         0,5           5

Performance Statistics   2020-01-28 22:27:00 - 2020-01-28 22:28:00
Tag                                                  Avg(ms)         Min         Max     Std Dev       Count

Performance Statistics   2020-01-28 22:28:00 - 2020-01-28 22:29:00
Tag                                                  Avg(ms)         Min         Max     Std Dev       Count

Performance Statistics   2020-01-28 22:29:00 - 2020-01-28 22:30:00
Tag                                                  Avg(ms)         Min         Max     Std Dev       Count

Performance Statistics   2020-01-28 22:30:00 - 2020-01-28 22:31:00
Tag                                                  Avg(ms)         Min         Max     Std Dev       Count

