/*C4*/SET SCHEMA PUBLIC
DISCONNECT
/*C5*/SET SCHEMA PUBLIC
DISCONNECT
/*C6*/SET SCHEMA PUBLIC
DISCONNECT
/*C7*/SET SCHEMA PUBLIC
create table SYS_DB_CHANGELOG (SCRIPT_NAME varchar(300) not null primary key, CREATE_TS timestamp default current_timestamp, IS_INIT integer default 0)
------------------------------------------------------------------------------------------------------------\u000a-- table for selecting sequence values in HSQL\u000acreate table DUAL (ID integer)
INSERT INTO DUAL VALUES(0)
COMMIT
\u000a------------------------------------------------------------------------------------------------------------\u000acreate table SYS_SERVER (\u000a    ID varchar(36) not null,\u000a    CREATE_TS timestamp,\u000a    CREATED_BY varchar(50),\u000a    UPDATE_TS timestamp,\u000a    UPDATED_BY varchar(50),\u000a    --\u000a    NAME varchar(255),\u000a    IS_RUNNING boolean,\u000a    DATA longvarchar,\u000a    --\u000a    primary key (ID),\u000a    constraint IDX_SYS_SERVER_UNIQ_NAME unique (NAME)\u000a)
\u000a------------------------------------------------------------------------------------------------------------\u000acreate table SYS_CONFIG (\u000a    ID varchar(36) not null,\u000a    CREATE_TS timestamp,\u000a    CREATED_BY varchar(50),\u000a    VERSION integer,\u000a    UPDATE_TS timestamp,\u000a    UPDATED_BY varchar(50),\u000a    --\u000a    NAME varchar(255) not null,\u000a    VALUE_ longvarchar not null,\u000a    --\u000a    primary key (ID),\u000a    constraint IDX_SYS_CONFIG_UNIQ_NAME unique (NAME)\u000a)
\u000a------------------------------------------------------------------------------------------------------------\u000acreate table SYS_FILE (\u000a    ID varchar(36) not null,\u000a    CREATE_TS timestamp,\u000a    CREATED_BY varchar(50),\u000a    VERSION integer,\u000a    UPDATE_TS timestamp,\u000a    UPDATED_BY varchar(50),\u000a    DELETE_TS timestamp,\u000a    DELETED_BY varchar(50),\u000a    --\u000a    NAME varchar(500) not null,\u000a    EXT varchar(20),\u000a    FILE_SIZE bigint,\u000a    CREATE_DATE timestamp,\u000a    --\u000a    primary key (ID)\u000a)
\u000a------------------------------------------------------------------------------------------------------------\u000acreate table SYS_LOCK_CONFIG (\u000a    ID varchar(36) not null,\u000a    CREATE_TS timestamp,\u000a    CREATED_BY varchar(50),\u000a    --\u000a    NAME varchar(100),\u000a    TIMEOUT_SEC integer,\u000a    --\u000a    primary key (ID)\u000a)
\u000a------------------------------------------------------------------------------------------------------------\u000acreate table SYS_ENTITY_STATISTICS (\u000a    ID varchar(36) not null,\u000a    CREATE_TS timestamp,\u000a    CREATED_BY varchar(50),\u000a    UPDATE_TS timestamp,\u000a    UPDATED_BY varchar(50),\u000a    --\u000a    NAME varchar(50),\u000a    INSTANCE_COUNT bigint,\u000a    FETCH_UI integer,\u000a    MAX_FETCH_UI integer,\u000a    LAZY_COLLECTION_THRESHOLD integer,\u000a    LOOKUP_SCREEN_THRESHOLD integer,\u000a    --\u000a    primary key (ID)\u000a)
\u000a------------------------------------------------------------------------------------------------------------\u000acreate table SYS_SCHEDULED_TASK (\u000a    ID varchar(36) not null,\u000a    CREATE_TS timestamp,\u000a    CREATED_BY varchar(50),\u000a    UPDATE_TS timestamp,\u000a    UPDATED_BY varchar(50),\u000a    DELETE_TS timestamp,\u000a    DELETED_BY varchar(50),\u000a    --\u000a    BEAN_NAME varchar(50),\u000a    METHOD_NAME varchar(50),\u000a    METHOD_PARAMS varchar(1000),\u000a    DEFINED_BY varchar(1) default 'B',\u000a    CLASS_NAME varchar(500),\u000a    SCRIPT_NAME varchar(500),\u000a    USER_NAME varchar(50),\u000a    IS_SINGLETON boolean,\u000a    IS_ACTIVE boolean,\u000a    PERIOD_ integer,\u000a    TIMEOUT integer,\u000a    START_DATE timestamp,\u000a    TIME_FRAME integer,\u000a    START_DELAY integer,\u000a    PERMITTED_SERVERS varchar(4096),\u000a    LOG_START boolean,\u000a    LOG_FINISH boolean,\u000a    LAST_START_TIME timestamp,\u000a    LAST_START_SERVER varchar(512),\u000a    DESCRIPTION varchar(1000),\u000a    CRON varchar(100),\u000a    SCHEDULING_TYPE varchar(1) default 'P',\u000a    --\u000a    primary key (ID)\u000a)
\u000a------------------------------------------------------------------------------------------------------------\u000acreate table SYS_SCHEDULED_EXECUTION (\u000a    ID varchar(36) not null,\u000a    CREATE_TS timestamp,\u000a    CREATED_BY varchar(50),\u000a    --\u000a    TASK_ID varchar(36),\u000a    SERVER varchar(512),\u000a    START_TIME timestamp,\u000a    FINISH_TIME timestamp,\u000a    RESULT longvarchar,\u000a    --\u000a    primary key (ID),\u000a    constraint SYS_SCHEDULED_EXECUTION_TASK foreign key (TASK_ID) references SYS_SCHEDULED_TASK(ID)\u000a)
\u000acreate index IDX_SYS_SCHEDULED_EXECUTION_TASK_START_TIME  on SYS_SCHEDULED_EXECUTION (TASK_ID, START_TIME)
\u000acreate index IDX_SYS_SCHEDULED_EXECUTION_TASK_FINISH_TIME on SYS_SCHEDULED_EXECUTION (TASK_ID, FINISH_TIME)
\u000a------------------------------------------------------------------------------------------------------------\u000acreate table SEC_ROLE (\u000a    ID varchar(36) not null,\u000a    CREATE_TS timestamp,\u000a    CREATED_BY varchar(50),\u000a    VERSION integer,\u000a    UPDATE_TS timestamp,\u000a    UPDATED_BY varchar(50),\u000a    DELETE_TS timestamp,\u000a    DELETED_BY varchar(50),\u000a    --\u000a    NAME varchar(255) not null,\u000a    LOC_NAME varchar(255),\u000a    DESCRIPTION varchar(1000),\u000a    IS_DEFAULT_ROLE boolean,\u000a    ROLE_TYPE integer,\u000a    --\u000a    primary key (ID)\u000a)
\u000aalter table SEC_ROLE add constraint IDX_SEC_ROLE_UNIQ_NAME unique (NAME, DELETE_TS)
\u000a------------------------------------------------------------------------------------------------------------\u000acreate table SEC_GROUP (\u000a    ID varchar(36) not null,\u000a    CREATE_TS timestamp,\u000a    CREATED_BY varchar(50),\u000a    VERSION integer,\u000a    UPDATE_TS timestamp,\u000a    UPDATED_BY varchar(50),\u000a    DELETE_TS timestamp,\u000a    DELETED_BY varchar(50),\u000a    --\u000a    NAME varchar(255) not null,\u000a    PARENT_ID varchar(36),\u000a    --\u000a    primary key (ID),\u000a    constraint SEC_GROUP_PARENT foreign key (PARENT_ID) references SEC_GROUP(ID)\u000a)
\u000aalter table SEC_GROUP add constraint IDX_SEC_GROUP_UNIQ_NAME unique (NAME, DELETE_TS)
\u000a------------------------------------------------------------------------------------------------------------\u000acreate table SEC_GROUP_HIERARCHY (\u000a    ID varchar(36) not null,\u000a    CREATE_TS timestamp,\u000a    CREATED_BY varchar(50),\u000a    --\u000a    GROUP_ID varchar(36),\u000a    PARENT_ID varchar(36),\u000a    HIERARCHY_LEVEL integer,\u000a    --\u000a    primary key (ID),\u000a    constraint SEC_GROUP_HIERARCHY_GROUP foreign key (GROUP_ID) references SEC_GROUP(ID),\u000a    constraint SEC_GROUP_HIERARCHY_PARENT foreign key (PARENT_ID) references SEC_GROUP(ID)\u000a)
\u000a------------------------------------------------------------------------------------------------------------\u000acreate table SEC_USER (\u000a    ID varchar(36) not null,\u000a    CREATE_TS timestamp,\u000a    CREATED_BY varchar(50),\u000a    VERSION integer,\u000a    UPDATE_TS timestamp,\u000a    UPDATED_BY varchar(50),\u000a    DELETE_TS timestamp,\u000a    DELETED_BY varchar(50),\u000a    --\u000a    LOGIN varchar(50) not null,\u000a    LOGIN_LC varchar(50) not null,\u000a    PASSWORD varchar(255),\u000a    PASSWORD_ENCRYPTION varchar(50),\u000a    NAME varchar(255),\u000a    FIRST_NAME varchar(255),\u000a    LAST_NAME varchar(255),\u000a    MIDDLE_NAME varchar(255),\u000a    POSITION_ varchar(255),\u000a    EMAIL varchar(100),\u000a    LANGUAGE_ varchar(20),\u000a    TIME_ZONE varchar(50),\u000a    TIME_ZONE_AUTO boolean,\u000a    ACTIVE boolean,\u000a    GROUP_ID varchar(36) not null,\u000a    IP_MASK varchar(200),\u000a    CHANGE_PASSWORD_AT_LOGON boolean,\u000a    --\u000a    primary key (ID),\u000a    constraint IDX_SEC_USER_UNIQ_LOGIN unique (LOGIN_LC, DELETE_TS),\u000a    constraint SEC_USER_GROUP foreign key (GROUP_ID) references SEC_GROUP(ID)\u000a)
\u000a------------------------------------------------------------------------------------------------------------\u000acreate table SEC_USER_ROLE (\u000a    ID varchar(36) not null,\u000a    CREATE_TS timestamp,\u000a    CREATED_BY varchar(50),\u000a    VERSION integer,\u000a    UPDATE_TS timestamp,\u000a    UPDATED_BY varchar(50),\u000a    DELETE_TS timestamp,\u000a    DELETED_BY varchar(50),\u000a    --\u000a    USER_ID varchar(36),\u000a    ROLE_ID varchar(36),\u000a    --\u000a    primary key (ID),\u000a    constraint SEC_USER_ROLE_USER foreign key (USER_ID) references SEC_USER(ID),\u000a    constraint SEC_USER_ROLE_ROLE foreign key (ROLE_ID) references SEC_ROLE(ID),\u000a    constraint IDX_SEC_USER_ROLE_UNIQ_ROLE unique (USER_ID, ROLE_ID, DELETE_TS)\u000a)
\u000a------------------------------------------------------------------------------------------------------------\u000acreate table SEC_PERMISSION (\u000a    ID varchar(36) not null,\u000a    CREATE_TS timestamp,\u000a    CREATED_BY varchar(50),\u000a    VERSION integer,\u000a    UPDATE_TS timestamp,\u000a    UPDATED_BY varchar(50),\u000a    DELETE_TS timestamp,\u000a    DELETED_BY varchar(50),\u000a    --\u000a    PERMISSION_TYPE integer,\u000a    TARGET varchar(100),\u000a    VALUE_ integer,\u000a    ROLE_ID varchar(36),\u000a    --\u000a    primary key (ID),\u000a    constraint SEC_PERMISSION_ROLE foreign key (ROLE_ID) references SEC_ROLE(ID),\u000a    constraint IDX_SEC_PERMISSION_UNIQUE unique (ROLE_ID, PERMISSION_TYPE, TARGET, DELETE_TS)\u000a)
\u000a------------------------------------------------------------------------------------------------------------\u000acreate table SEC_CONSTRAINT (\u000a    ID varchar(36) not null,\u000a    CREATE_TS timestamp,\u000a    CREATED_BY varchar(50),\u000a    VERSION integer,\u000a    UPDATE_TS timestamp,\u000a    UPDATED_BY varchar(50),\u000a    DELETE_TS timestamp,\u000a    DELETED_BY varchar(50),\u000a    --\u000a    CODE varchar(255),\u000a    CHECK_TYPE varchar(50) default 'db',\u000a    OPERATION_TYPE varchar(50) default 'read',\u000a    ENTITY_NAME varchar(255) not null,\u000a    JOIN_CLAUSE varchar(500),\u000a    WHERE_CLAUSE varchar(1000),\u000a    GROOVY_SCRIPT longvarchar,\u000a    FILTER_XML longvarchar,\u000a    IS_ACTIVE boolean default true,\u000a    GROUP_ID varchar(36),\u000a    --\u000a    primary key (ID),\u000a    constraint SEC_CONSTRAINT_GROUP foreign key (GROUP_ID) references SEC_GROUP(ID)\u000a)
\u000a------------------------------------------------------------------------------------------------------------\u000acreate table SEC_LOCALIZED_CONSTRAINT_MSG (\u000a    ID varchar(36) not null,\u000a    CREATE_TS timestamp,\u000a    CREATED_BY varchar(50),\u000a    VERSION integer,\u000a    UPDATE_TS timestamp,\u000a    UPDATED_BY varchar(50),\u000a    DELETE_TS timestamp,\u000a    DELETED_BY varchar(50),\u000a    --\u000a    ENTITY_NAME varchar(255) not null,\u000a    OPERATION_TYPE varchar(50) not null,\u000a    VALUES_ longvarchar,\u000a    --\u000a    primary key (ID)\u000a)
\u000acreate unique index IDX_SEC_LOC_CNSTRNT_MSG_UNIQUE\u000a  on SEC_LOCALIZED_CONSTRAINT_MSG (ENTITY_NAME, OPERATION_TYPE, DELETE_TS)
\u000a------------------------------------------------------------------------------------------------------------\u000acreate table SEC_SESSION_ATTR (\u000a    ID varchar(36) not null,\u000a    CREATE_TS timestamp,\u000a    CREATED_BY varchar(50),\u000a    VERSION integer,\u000a    UPDATE_TS timestamp,\u000a    UPDATED_BY varchar(50),\u000a    DELETE_TS timestamp,\u000a    DELETED_BY varchar(50),\u000a    --\u000a    NAME varchar(50),\u000a    STR_VALUE varchar(1000),\u000a    DATATYPE varchar(20),\u000a    GROUP_ID varchar(36),\u000a    --\u000a    primary key (ID),\u000a    constraint SEC_SESSION_ATTR_GROUP foreign key (GROUP_ID) references SEC_GROUP(ID)\u000a)
\u000a------------------------------------------------------------------------------------------------------------\u000acreate table SEC_USER_SETTING (\u000a    ID varchar(36) not null,\u000a    CREATE_TS timestamp,\u000a    CREATED_BY varchar(50),\u000a    --\u000a    USER_ID varchar(36),\u000a    CLIENT_TYPE char(1),\u000a    NAME varchar(255),\u000a    VALUE_ longvarchar,\u000a    --\u000a    primary key (ID),\u000a    constraint SEC_USER_SETTING_USER foreign key (USER_ID) references SEC_USER(ID),\u000a    constraint SEC_USER_SETTING_UNIQ unique (USER_ID, NAME, CLIENT_TYPE)\u000a)
\u000a------------------------------------------------------------------------------------------------------------\u000acreate table SEC_USER_SUBSTITUTION (\u000a    ID varchar(36) not null,\u000a    CREATE_TS timestamp,\u000a    CREATED_BY varchar(50),\u000a    VERSION integer,\u000a    UPDATE_TS timestamp,\u000a    UPDATED_BY varchar(50),\u000a    DELETE_TS timestamp,\u000a    DELETED_BY varchar(50),\u000a    --\u000a    USER_ID varchar(36) not null,\u000a    SUBSTITUTED_USER_ID varchar(36) not null,\u000a    START_DATE timestamp,\u000a    END_DATE timestamp,\u000a    --\u000a    primary key (ID),\u000a    constraint FK_SEC_USER_SUBSTITUTION_USER foreign key (USER_ID) references SEC_USER(ID),\u000a    constraint FK_SEC_USER_SUBSTITUTION_SUBSTITUTED_USER foreign key (SUBSTITUTED_USER_ID)\u000a        references SEC_USER(ID)\u000a)
\u000a------------------------------------------------------------------------------------------------------------\u000acreate table SEC_LOGGED_ENTITY (\u000a    ID varchar(36) not null,\u000a    CREATE_TS timestamp,\u000a    CREATED_BY varchar(50),\u000a    --\u000a    NAME varchar(100),\u000a    AUTO boolean,\u000a    MANUAL boolean,\u000a    --\u000a    primary key (ID),\u000a    constraint SEC_LOGGED_ENTITY_UNIQ_NAME unique (NAME)\u000a)
\u000a------------------------------------------------------------------------------------------------------------\u000acreate table SEC_LOGGED_ATTR (\u000a    ID varchar(36) not null,\u000a    CREATE_TS timestamp,\u000a    CREATED_BY varchar(50),\u000a    --\u000a    ENTITY_ID varchar(36),\u000a    NAME varchar(50),\u000a    --\u000a    primary key (ID),\u000a    constraint FK_SEC_LOGGED_ATTR_ENTITY foreign key (ENTITY_ID) references SEC_LOGGED_ENTITY(ID),\u000a    constraint SEC_LOGGED_ATTR_UNIQ_NAME unique (ENTITY_ID, NAME)\u000a)
\u000a------------------------------------------------------------------------------------------------------------\u000acreate table SEC_ENTITY_LOG (\u000a    ID varchar(36) not null,\u000a    CREATE_TS timestamp,\u000a    CREATED_BY varchar(50),\u000a    --\u000a    EVENT_TS timestamp,\u000a    USER_ID varchar(36),\u000a    CHANGE_TYPE char(1),\u000a    ENTITY varchar(100),\u000a    ENTITY_INSTANCE_NAME varchar(1000),\u000a    ENTITY_ID varchar(36),\u000a    STRING_ENTITY_ID varchar(255),\u000a    INT_ENTITY_ID integer,\u000a    LONG_ENTITY_ID bigint,\u000a    CHANGES longvarchar,\u000a    --\u000a    primary key (ID),\u000a    constraint FK_SEC_ENTITY_LOG_USER foreign key (USER_ID) references SEC_USER(ID)\u000a)
\u000a------------------------------------------------------------------------------------------------------------\u000acreate table SEC_FILTER (\u000a    ID varchar(36) not null,\u000a    CREATE_TS timestamp,\u000a    CREATED_BY varchar(50),\u000a    VERSION integer,\u000a    UPDATE_TS timestamp,\u000a    UPDATED_BY varchar(50),\u000a    DELETE_TS timestamp,\u000a    DELETED_BY varchar(50),\u000a    --\u000a    COMPONENT varchar(200),\u000a    NAME varchar(255),\u000a    CODE varchar(200),\u000a    XML longvarchar,\u000a    USER_ID varchar(36),\u000a    GLOBAL_DEFAULT boolean,\u000a    --\u000a    primary key (ID),\u000a    constraint FK_SEC_FILTER_USER foreign key (USER_ID) references SEC_USER(ID)\u000a)
\u000a------------------------------------------------------------------------------------------------------------\u000acreate table SYS_FOLDER (\u000a    ID varchar(36) not null,\u000a    CREATE_TS timestamp,\u000a    CREATED_BY varchar(50),\u000a    VERSION integer,\u000a    UPDATE_TS timestamp,\u000a    UPDATED_BY varchar(50),\u000a    DELETE_TS timestamp,\u000a    DELETED_BY varchar(50),\u000a    --\u000a    FOLDER_TYPE char(1),\u000a    PARENT_ID varchar(36),\u000a    NAME varchar(100),\u000a    TAB_NAME varchar(100),\u000a    SORT_ORDER integer,\u000a    --\u000a    primary key (ID),\u000a    constraint FK_SYS_FOLDER_PARENT foreign key (PARENT_ID) references SYS_FOLDER(ID)\u000a)
\u000a------------------------------------------------------------------------------------------------------------\u000acreate table SYS_APP_FOLDER (\u000a    FOLDER_ID varchar(36) not null,\u000a    FILTER_COMPONENT varchar(200),\u000a    FILTER_XML varchar(7000),\u000a    VISIBILITY_SCRIPT longvarchar,\u000a    QUANTITY_SCRIPT longvarchar,\u000a    APPLY_DEFAULT boolean,\u000a    --\u000a    primary key (FOLDER_ID),\u000a    constraint FK_SYS_APP_FOLDER_FOLDER foreign key (FOLDER_ID) references SYS_FOLDER(ID)\u000a)
\u000a------------------------------------------------------------------------------------------------------------\u000acreate table SEC_PRESENTATION (\u000a    ID varchar(36) not null,\u000a    CREATE_TS timestamp,\u000a    CREATED_BY varchar(50),\u000a    UPDATE_TS timestamp,\u000a    UPDATED_BY varchar(50),\u000a    --\u000a    COMPONENT varchar(200),\u000a    NAME varchar(255),\u000a    XML varchar(7000),\u000a    USER_ID varchar(36),\u000a    IS_AUTO_SAVE boolean,\u000a    --\u000a    primary key (ID),\u000a    constraint SEC_PRESENTATION_USER foreign key (USER_ID) references SEC_USER(ID)\u000a)
\u000a------------------------------------------------------------------------------------------------------------\u000acreate table SEC_SEARCH_FOLDER (\u000a    FOLDER_ID varchar(36) not null,\u000a    FILTER_COMPONENT varchar(200),\u000a    FILTER_XML varchar(7000),\u000a    USER_ID varchar(36),\u000a    PRESENTATION_ID varchar(36),\u000a    APPLY_DEFAULT boolean,\u000a    IS_SET boolean,\u000a    ENTITY_TYPE varchar(50),\u000a    --\u000a    primary key (FOLDER_ID),\u000a    constraint FK_SEC_SEARCH_FOLDER_FOLDER foreign key (FOLDER_ID) references SYS_FOLDER(ID),\u000a    constraint FK_SEC_SEARCH_FOLDER_USER foreign key (USER_ID) references SEC_USER(ID),\u000a    constraint FK_SEC_SEARCH_FOLDER_PRESENTATION foreign key (PRESENTATION_ID)\u000a        references SEC_PRESENTATION(ID)\u000a        on delete set null\u000a)
\u000a------------------------------------------------------------------------------------------------------------\u000acreate table SYS_FTS_QUEUE (\u000a    ID varchar(36) not null,\u000a    CREATE_TS timestamp,\u000a    CREATED_BY varchar(50),\u000a    --\u000a    ENTITY_ID varchar(36),\u000a    STRING_ENTITY_ID varchar(255),\u000a    INT_ENTITY_ID integer,\u000a    LONG_ENTITY_ID bigint,\u000a    ENTITY_NAME varchar(200),\u000a    CHANGE_TYPE char(1),\u000a    SOURCE_HOST varchar(255),\u000a    INDEXING_HOST varchar(255),\u000a    FAKE boolean,\u000a    --\u000a    primary key (ID)\u000a)
\u000acreate index IDX_SYS_FTS_QUEUE_IDXHOST_CRTS on SYS_FTS_QUEUE (INDEXING_HOST, CREATE_TS)
\u000a--------------------------------------------------------------------------------------------------------------\u000acreate table SEC_SCREEN_HISTORY (\u000a    ID varchar(36) not null,\u000a    CREATE_TS timestamp,\u000a    CREATED_BY varchar(50),\u000a    USER_ID varchar(36),\u000a    CAPTION varchar(255),\u000a    URL varchar(4000),\u000a    ENTITY_ID varchar(36),\u000a    STRING_ENTITY_ID varchar(255),\u000a    INT_ENTITY_ID integer,\u000a    LONG_ENTITY_ID bigint,\u000a    SUBSTITUTED_USER_ID varchar(36),\u000a    --\u000a    primary key (ID),\u000a    constraint FK_SEC_HISTORY_USER foreign key (USER_ID) references SEC_USER (ID),\u000a    constraint FK_SEC_HISTORY_SUBSTITUTED_USER foreign key (SUBSTITUTED_USER_ID) references SEC_USER (ID)\u000a)
\u000acreate index IDX_SEC_SCREEN_HIST_SUB_USER on SEC_SCREEN_HISTORY (SUBSTITUTED_USER_ID)
\u000a------------------------------------------------------------------------------------------------------------\u000acreate table SYS_SENDING_MESSAGE (\u000a    ID varchar(36) not null,\u000a    CREATE_TS timestamp,\u000a    CREATED_BY varchar(50),\u000a    VERSION integer,\u000a    UPDATE_TS timestamp,\u000a    UPDATED_BY varchar(50),\u000a    DELETE_TS timestamp,\u000a    DELETED_BY varchar(50),\u000a    --\u000a    ADDRESS_TO longvarchar,\u000a    ADDRESS_CC longvarchar,\u000a    ADDRESS_BCC longvarchar,\u000a    ADDRESS_FROM varchar(100),\u000a    CAPTION varchar(500),\u000a    EMAIL_HEADERS varchar(500),\u000a    CONTENT_TEXT longvarchar,\u000a    CONTENT_TEXT_FILE_ID varchar(36),\u000a    DEADLINE timestamp,\u000a    STATUS integer,\u000a    DATE_SENT timestamp,\u000a    ATTEMPTS_COUNT integer,\u000a    ATTEMPTS_MADE integer,\u000a    ATTACHMENTS_NAME longvarchar,\u000a    BODY_CONTENT_TYPE varchar(50),\u000a    --\u000a    primary key (ID)\u000a)
\u000aalter table SYS_SENDING_MESSAGE add constraint FK_SYS_SENDING_MESSAGE_CONTENT_FILE foreign key (CONTENT_TEXT_FILE_ID) references SYS_FILE(ID)
\u000acreate table SYS_SENDING_ATTACHMENT (\u000a    ID varchar(36) not null,\u000a    CREATE_TS timestamp,\u000a    CREATED_BY varchar(50),\u000a    VERSION integer,\u000a    UPDATE_TS timestamp,\u000a    UPDATED_BY varchar(50),\u000a    DELETE_TS timestamp,\u000a    DELETED_BY varchar(50),\u000a    --\u000a    MESSAGE_ID varchar(36),\u000a    CONTENT longvarbinary,\u000a    CONTENT_FILE_ID varchar(36),\u000a    CONTENT_ID varchar(50),\u000a    NAME varchar(500),\u000a    DISPOSITION varchar(50),\u000a    TEXT_ENCODING varchar(50),\u000a    --\u000a    primary key (ID)\u000a)
\u000aalter table SYS_SENDING_ATTACHMENT add constraint FK_SYS_SENDING_ATTACHMENT_SENDING_MESSAGE foreign key (MESSAGE_ID) references SYS_SENDING_MESSAGE (ID)
\u000aalter table SYS_SENDING_ATTACHMENT add constraint FK_SYS_SENDING_ATTACHMENT_CONTENT_FILE foreign key (CONTENT_FILE_ID) references SYS_FILE (ID)
\u000aCREATE INDEX SYS_SENDING_ATTACHMENT_MESSAGE_IDX\u000a  ON SYS_SENDING_ATTACHMENT(MESSAGE_ID )
\u000a------------------------------------------------------------------------------------------------------------\u000acreate table SYS_ENTITY_SNAPSHOT (\u000a    ID varchar(36) not null,\u000a    CREATE_TS timestamp,\u000a    CREATED_BY varchar(50),\u000a    --\u000a    ENTITY_META_CLASS varchar(50),\u000a    ENTITY_ID varchar(36),\u000a    STRING_ENTITY_ID varchar(255),\u000a    INT_ENTITY_ID integer,\u000a    LONG_ENTITY_ID bigint,\u000a    AUTHOR_ID varchar(36) not null,\u000a    VIEW_XML longvarchar,\u000a    SNAPSHOT_XML longvarchar,\u000a    SNAPSHOT_DATE timestamp,\u000a    --\u000a    primary key (ID),\u000a    constraint FK_SYS_ENTITY_SNAPSHOT_AUTHOR_ID foreign key (AUTHOR_ID) references SEC_USER(ID)\u000a)
\u000a-------------------------------------------------------------------------------------------------------------\u000acreate table SYS_CATEGORY(\u000a    ID varchar(36) not null,\u000a    CREATE_TS timestamp,\u000a    CREATED_BY varchar(50),\u000a    VERSION integer,\u000a    UPDATE_TS timestamp,\u000a    UPDATED_BY varchar(50),\u000a    DELETE_TS timestamp,\u000a    DELETED_BY varchar(50),\u000a    --\u000a    NAME varchar(255) not null,\u000a    SPECIAL varchar(50),\u000a    ENTITY_TYPE varchar(100) not null,\u000a    IS_DEFAULT boolean,\u000a    DISCRIMINATOR integer,\u000a    LOCALE_NAMES varchar(1000),\u000a    --\u000a    primary key (ID)\u000a)
\u000acreate unique index IDX_SYS_CATEGORY_UNIQ_NAME_ENTITY_TYPE on SYS_CATEGORY (NAME, ENTITY_TYPE, DELETE_TS)
\u000acreate table SYS_CATEGORY_ATTR(\u000a    ID varchar(36) not null,\u000a    CREATE_TS timestamp,\u000a    CREATED_BY varchar(50),\u000a    VERSION integer,\u000a    UPDATE_TS timestamp,\u000a    UPDATED_BY varchar(50),\u000a    DELETE_TS timestamp,\u000a    DELETED_BY varchar(50),\u000a    --\u000a    CATEGORY_ENTITY_TYPE varchar(4000),\u000a    NAME varchar(255),\u000a    CODE varchar(100) not null,\u000a    DESCRIPTION varchar(1000),\u000a    CATEGORY_ID varchar(36) not null,\u000a    ENTITY_CLASS varchar(500),\u000a    DATA_TYPE varchar(200),\u000a    DEFAULT_STRING varchar(4000),\u000a    DEFAULT_INT integer,\u000a    DEFAULT_DOUBLE numeric(36,6),\u000a    DEFAULT_DECIMAL numeric(36,10),\u000a    DEFAULT_DATE timestamp,\u000a    DEFAULT_DATE_WO_TIME date,\u000a    DEFAULT_DATE_IS_CURRENT boolean,\u000a    DEFAULT_BOOLEAN boolean,\u000a    DEFAULT_ENTITY_VALUE varchar(36),\u000a    DEFAULT_STR_ENTITY_VALUE varchar(255),\u000a    DEFAULT_INT_ENTITY_VALUE integer,\u000a    DEFAULT_LONG_ENTITY_VALUE bigint,\u000a    ENUMERATION varchar(500),\u000a    ORDER_NO integer,\u000a    SCREEN varchar(255),\u000a    REQUIRED boolean,\u000a    LOOKUP boolean,\u000a    TARGET_SCREENS varchar(4000),\u000a    WIDTH varchar(20),\u000a    ROWS_COUNT integer,\u000a    IS_COLLECTION boolean,\u000a    JOIN_CLAUSE varchar(4000),\u000a    WHERE_CLAUSE varchar(4000),\u000a    FILTER_XML longvarchar,\u000a    LOCALE_NAMES varchar(1000),\u000a    LOCALE_DESCRIPTIONS varchar(4000),\u000a    ENUMERATION_LOCALES varchar(5000),\u000a    ATTRIBUTE_CONFIGURATION_JSON longvarchar,\u000a    --\u000a    primary key (ID)\u000a)
\u000acreate unique index IDX_CAT_ATTR_ENT_TYPE_AND_CODE on SYS_CATEGORY_ATTR (CATEGORY_ENTITY_TYPE, CODE)
alter table SYS_CATEGORY_ATTR add constraint SYS_CATEGORY_ATTR_CATEGORY_ID foreign key (CATEGORY_ID) references SYS_CATEGORY(ID)
\u000acreate table SYS_ATTR_VALUE (\u000a    ID varchar(36) not null,\u000a    CREATE_TS timestamp,\u000a    CREATED_BY varchar(50),\u000a    VERSION integer,\u000a    UPDATE_TS timestamp,\u000a    UPDATED_BY varchar(50),\u000a    DELETE_TS timestamp,\u000a    DELETED_BY varchar(50),\u000a    --\u000a    CATEGORY_ATTR_ID varchar(36) not null,\u000a    ENTITY_ID varchar(36),\u000a    STRING_ENTITY_ID varchar(255),\u000a    INT_ENTITY_ID integer,\u000a    LONG_ENTITY_ID bigint,\u000a    STRING_VALUE varchar(4000),\u000a    INTEGER_VALUE integer,\u000a    DOUBLE_VALUE numeric(36,6),\u000a    DECIMAL_VALUE numeric(36,10),\u000a    DATE_VALUE timestamp,\u000a    DATE_WO_TIME_VALUE date,\u000a    BOOLEAN_VALUE boolean,\u000a    ENTITY_VALUE varchar(36),\u000a    STRING_ENTITY_VALUE varchar(255),\u000a    INT_ENTITY_VALUE integer,\u000a    LONG_ENTITY_VALUE bigint,\u000a    PARENT_ID varchar(36),\u000a    CODE varchar(100) not null,\u000a    --\u000a    primary key (ID)\u000a)
\u000aalter table SYS_ATTR_VALUE add constraint SYS_ATTR_VALUE_CATEGORY_ATTR_ID foreign key (CATEGORY_ATTR_ID) references SYS_CATEGORY_ATTR(ID)
\u000aalter table SYS_ATTR_VALUE add constraint SYS_ATTR_VALUE_ATTR_VALUE_PARENT_ID foreign key (PARENT_ID) references SYS_ATTR_VALUE(ID)
\u000a-------------------------------------------------------------------------------------------------------------\u000acreate table SYS_QUERY_RESULT (\u000a    ID identity not null,\u000a    SESSION_ID varchar(36) not null,\u000a    QUERY_KEY integer not null,\u000a    ENTITY_ID varchar(36),\u000a    STRING_ENTITY_ID varchar(255),\u000a    INT_ENTITY_ID integer,\u000a    LONG_ENTITY_ID bigint,\u000a)
\u000a--------------------------------------------------------------------------------------------------------------\u000acreate table SYS_JMX_INSTANCE (\u000a    ID varchar(36) not null,\u000a    CREATE_TS timestamp,\u000a    CREATED_BY varchar(50),\u000a    VERSION integer,\u000a    UPDATE_TS timestamp,\u000a    UPDATED_BY varchar(50),\u000a    DELETE_TS timestamp,\u000a    DELETED_BY varchar(50),\u000a    --\u000a    NODE_NAME varchar(255),\u000a    ADDRESS varchar(500) not null,\u000a    LOGIN varchar(50) not null,\u000a    PASSWORD varchar(255) not null,\u000a    --\u000a    primary key (ID)\u000a)
\u000a------------------------------------------------------------------------------------------------------------\u000acreate table SEC_REMEMBER_ME (\u000a    ID varchar(36) not null,\u000a    CREATE_TS timestamp,\u000a    CREATED_BY varchar(50),\u000a    VERSION integer,\u000a    --\u000a    USER_ID varchar(36) not null,\u000a    TOKEN varchar(32) not null,\u000a    --\u000a    primary key (ID),\u000a    constraint FK_SEC_REMEMBER_ME_USER foreign key (USER_ID) references SEC_USER(ID)\u000a)
\u000a------------------------------------------------------------------------------------------------------------\u000acreate table SEC_SESSION_LOG (\u000a    ID varchar(36) not null,\u000a    VERSION integer not null,\u000a    CREATE_TS timestamp,\u000a    CREATED_BY varchar(50),\u000a    UPDATE_TS timestamp,\u000a    UPDATED_BY varchar(50),\u000a    DELETE_TS timestamp,\u000a    DELETED_BY varchar(50),\u000a    --\u000a    SESSION_ID varchar(36) not null,\u000a    SUBSTITUTED_USER_ID varchar(36),\u000a    USER_ID varchar(36) not null,\u000a    USER_DATA longvarchar,\u000a    LAST_ACTION integer not null,\u000a    CLIENT_INFO varchar(512),\u000a    ADDRESS varchar(255),\u000a    STARTED_TS timestamp,\u000a    FINISHED_TS timestamp,\u000a    CLIENT_TYPE varchar(10),\u000a    SERVER_ID varchar(128),\u000a    --\u000a    primary key (ID)\u000a)
\u000aalter table SEC_SESSION_LOG add constraint FK_SEC_SESSION_LOG_USER foreign key (USER_ID) references SEC_USER(ID)
\u000acreate index IDX_SEC_SESSION_LOG_USER on SEC_SESSION_LOG (USER_ID)
\u000aalter table SEC_SESSION_LOG add constraint FK_SEC_SESSION_LOG_SUBUSER foreign key (SUBSTITUTED_USER_ID) references SEC_USER(ID)
\u000acreate index IDX_SEC_SESSION_LOG_SUBUSER on SEC_SESSION_LOG (SUBSTITUTED_USER_ID)
\u000acreate index IDX_SESSION_LOG_STARTED_TS on SEC_SESSION_LOG (STARTED_TS DESC)
\u000a------------------------------------------------------------------------------------------------------------\u000acreate function NEWID() returns varchar(36)\u000a   return uuid(uuid())
INSERT INTO SEC_GROUP VALUES('0fa2b1a5-1d68-4d69-9fbd-dff348347f93','2020-01-28 21:21:09.620000',NULL,0,NULL,NULL,NULL,NULL,'Company',NULL)
COMMIT
INSERT INTO SEC_USER VALUES('60885987-1b61-4247-94c7-dff348347f93','2020-01-28 21:21:09.621000',NULL,0,NULL,NULL,NULL,NULL,'admin','admin','$2a$10$vQx8b8B7jzZ0rQmtuK4YDOKp7nkmUCFjPx6DMT.voPtetNHFOsaOu','bcrypt','Administrator',NULL,NULL,NULL,NULL,NULL,NULL,NULL,NULL,TRUE,'0fa2b1a5-1d68-4d69-9fbd-dff348347f93',NULL,NULL)
COMMIT
INSERT INTO SEC_USER VALUES('a405db59-e674-4f63-8afe-269dda788fe8','2020-01-28 21:21:09.622000',NULL,0,NULL,NULL,NULL,NULL,'anonymous','anonymous',NULL,NULL,'Anonymous',NULL,NULL,NULL,NULL,NULL,NULL,NULL,NULL,TRUE,'0fa2b1a5-1d68-4d69-9fbd-dff348347f93',NULL,NULL)
COMMIT
INSERT INTO SEC_ROLE VALUES('0c018061-b26f-4de2-a5be-dff348347f93','2020-01-28 21:21:09.625000',NULL,0,NULL,NULL,NULL,NULL,'Administrators',NULL,NULL,NULL,10)
COMMIT
INSERT INTO SEC_ROLE VALUES('cd541dd4-eeb7-cd5b-847e-d32236552fa9','2020-01-28 21:21:09.627000',NULL,0,NULL,NULL,NULL,NULL,'Anonymous',NULL,NULL,NULL,30)
COMMIT
INSERT INTO SEC_USER_ROLE VALUES('c838be0a-96d0-4ef4-a7c0-dff348347f93','2020-01-28 21:21:09.628000',NULL,0,NULL,NULL,NULL,NULL,'60885987-1b61-4247-94c7-dff348347f93','0c018061-b26f-4de2-a5be-dff348347f93')
COMMIT
INSERT INTO SEC_USER_ROLE VALUES('f01fb532-c2f0-dc18-b86c-450cf8a8d8c5','2020-01-28 21:21:09.629000',NULL,0,NULL,NULL,NULL,NULL,'a405db59-e674-4f63-8afe-269dda788fe8','cd541dd4-eeb7-cd5b-847e-d32236552fa9')
COMMIT
INSERT INTO SEC_FILTER VALUES('b61d18cb-e79a-46f3-b16d-eaf4aebb10dd','2010-03-01 11:14:06.830000','admin',2,'2010-03-01 11:52:53.170000','admin',NULL,NULL,'[sec$User.browse].genericFilter','Search by role',NULL,'<?xml version="1.0" encoding="UTF-8"?>\u000a<filter>\u000a  <and>\u000a    <c name="UrMxpkfMGn" class="com.haulmont.cuba.security.entity.Role" type="CUSTOM" locCaption="Role" entityAlias="u" join="join u.userRoles ur">ur.role.id = :component$genericFilter.UrMxpkfMGn32565\u000a          <param name="component$genericFilter.UrMxpkfMGn32565">NULL</param>\u000a    </c>\u000a  </and>\u000a</filter>','60885987-1b61-4247-94c7-dff348347f93',FALSE)
COMMIT
INSERT INTO SYS_DB_CHANGELOG VALUES('10-cuba/init/hsql/create-db.sql','2020-01-28 21:21:09.652000',1)
COMMIT
-- begin MAILREADER_TASK\u000acreate table MAILREADER_TASK (\u000a    ID varchar(36) not null,\u000a    VERSION integer not null,\u000a    CREATE_TS timestamp,\u000a    CREATED_BY varchar(50),\u000a    UPDATE_TS timestamp,\u000a    UPDATED_BY varchar(50),\u000a    DELETE_TS timestamp,\u000a    DELETED_BY varchar(50),\u000a    --\u000a    SHORTDESC varchar(255),\u000a    TESTING_PLAN varchar(255),\u000a    PLANNING_TIME double precision,\u000a    ACTUAL_TIME double precision,\u000a    --\u000a    primary key (ID)\u000a)
\u000a-- end MAILREADER_TASK\u000a-- begin MAILREADER_TRACKER\u000acreate table MAILREADER_TRACKER (\u000a    ID varchar(36) not null,\u000a    VERSION integer not null,\u000a    CREATE_TS timestamp,\u000a    CREATED_BY varchar(50),\u000a    UPDATE_TS timestamp,\u000a    UPDATED_BY varchar(50),\u000a    DELETE_TS timestamp,\u000a    DELETED_BY varchar(50),\u000a    --\u000a    STEP_NAME varchar(255),\u000a    SHORT_DESC varchar(255),\u000a    DESCRIPTION longvarchar,\u000a    PROJECT_ID varchar(36),\u000a    TYPE_ varchar(255),\u000a    TRACKER_PRIORITY_TYPE varchar(255),\u000a    --\u000a    primary key (ID)\u000a)
INSERT INTO SYS_DB_CHANGELOG VALUES('50-mailreader/init/hsql/10.create-db.sql','2020-01-28 21:21:09.658000',1)
COMMIT
-- begin MAILREADER_TASK\u000acreate unique index IDX_MAILREADER_TASK_UNIQ_SHORTDESC on MAILREADER_TASK (SHORTDESC) 
\u000a-- end MAILREADER_TASK\u000a-- begin MAILREADER_TRACKER\u000aalter table MAILREADER_TRACKER add constraint FK_MAILREADER_TRACKER_ON_PROJECT foreign key (PROJECT_ID) references MAILREADER_TASK(ID)
\u000acreate index IDX_MAILREADER_TRACKER_ON_PROJECT on MAILREADER_TRACKER (PROJECT_ID)
INSERT INTO SYS_DB_CHANGELOG VALUES('50-mailreader/init/hsql/20.create-db.sql','2020-01-28 21:21:09.663000',1)
COMMIT
INSERT INTO SYS_DB_CHANGELOG VALUES('10-cuba/update/hsql/14/140313-ftsQueueIndexingHost.sql','2020-01-28 21:21:09.705000',1)
COMMIT
INSERT INTO SYS_DB_CHANGELOG VALUES('10-cuba/update/hsql/14/140405-changeTypeForSysConfigValue.sql','2020-01-28 21:21:09.707000',1)
COMMIT
INSERT INTO SYS_DB_CHANGELOG VALUES('10-cuba/update/hsql/14/140708-addRememberMeTable.sql','2020-01-28 21:21:09.712000',1)
COMMIT
INSERT INTO SYS_DB_CHANGELOG VALUES('10-cuba/update/hsql/14/140716-changeSysFileSizeType.sql','2020-01-28 21:21:09.713000',1)
COMMIT
INSERT INTO SYS_DB_CHANGELOG VALUES('10-cuba/update/hsql/14/141203-setNotNullSysFileName.sql','2020-01-28 21:21:09.714000',1)
COMMIT
INSERT INTO SYS_DB_CHANGELOG VALUES('10-cuba/update/hsql/15/150203-sendingMessageEmailHeaders.sql','2020-01-28 21:21:09.715000',1)
COMMIT
INSERT INTO SYS_DB_CHANGELOG VALUES('10-cuba/update/hsql/15/150203-userTimeZone.sql','2020-01-28 21:21:09.719000',1)
COMMIT
INSERT INTO SYS_DB_CHANGELOG VALUES('10-cuba/update/hsql/15/150205-addSubstituteUserInScreenHistory.sql','2020-01-28 21:21:09.725000',1)
COMMIT
INSERT INTO SYS_DB_CHANGELOG VALUES('10-cuba/update/hsql/15/150226-addIndexInScreenHistory.sql','2020-01-28 21:21:09.727000',1)
COMMIT
INSERT INTO SYS_DB_CHANGELOG VALUES('10-cuba/update/hsql/15/150310-alterFilterXml.sql','2020-01-28 21:21:09.728000',1)
COMMIT
INSERT INTO SYS_DB_CHANGELOG VALUES('10-cuba/update/hsql/15/150417-runtimePropertiesChanges.sql','2020-01-28 21:21:09.770000',1)
COMMIT
INSERT INTO SYS_DB_CHANGELOG VALUES('10-cuba/update/hsql/15/150514-categoryEntityTypeInAttribute.sql','2020-01-28 21:21:09.771000',1)
COMMIT
INSERT INTO SYS_DB_CHANGELOG VALUES('10-cuba/update/hsql/15/150630-entityClassToCategoryAttribute.sql','2020-01-28 21:21:09.772000',1)
COMMIT
INSERT INTO SYS_DB_CHANGELOG VALUES('10-cuba/update/hsql/15/150805-fakeFtsQueue.sql','2020-01-28 21:21:09.773000',1)
COMMIT
INSERT INTO SYS_DB_CHANGELOG VALUES('10-cuba/update/hsql/15/151106-extendScheduledTaskFields.sql','2020-01-28 21:21:09.774000',1)
COMMIT
INSERT INTO SYS_DB_CHANGELOG VALUES('10-cuba/update/hsql/15/151116-rowLevelSecurity.sql','2020-01-28 21:21:09.775000',1)
COMMIT
INSERT INTO SYS_DB_CHANGELOG VALUES('10-cuba/update/hsql/15/151228-sendingMessagesExtendFields.sql','2020-01-28 21:21:09.776000',1)
COMMIT
INSERT INTO SYS_DB_CHANGELOG VALUES('10-cuba/update/hsql/15/1512282-addIsActiveToConstraint.sql','2020-01-28 21:21:09.777000',1)
COMMIT
INSERT INTO SYS_DB_CHANGELOG VALUES('10-cuba/update/hsql/16/160322-dropUniqSysScheduledTaskBeanMethodConstraint.sql','2020-01-28 21:21:09.778000',1)
COMMIT
INSERT INTO SYS_DB_CHANGELOG VALUES('10-cuba/update/hsql/16/160405-createUniqSysCategory.sql','2020-01-28 21:21:09.778000',1)
COMMIT
INSERT INTO SYS_DB_CHANGELOG VALUES('10-cuba/update/hsql/16/160616-addSizeCategoryAttribute.sql','2020-01-28 21:21:09.779000',1)
COMMIT
INSERT INTO SYS_DB_CHANGELOG VALUES('10-cuba/update/hsql/16/160626-createIndexOnFinishTimeScheduledExecution.sql','2020-01-28 21:21:09.780000',1)
COMMIT
INSERT INTO SYS_DB_CHANGELOG VALUES('10-cuba/update/hsql/16/160725-anonymousLogin.sql','2020-01-28 21:21:09.781000',1)
COMMIT
INSERT INTO SYS_DB_CHANGELOG VALUES('10-cuba/update/hsql/16/160916-addEntityIdToFtsQueue.sql','2020-01-28 21:21:09.782000',1)
COMMIT
INSERT INTO SYS_DB_CHANGELOG VALUES('10-cuba/update/hsql/16/161024-collectionDynamicAttributes.sql','2020-01-28 21:21:09.783000',1)
COMMIT
INSERT INTO SYS_DB_CHANGELOG VALUES('10-cuba/update/hsql/16/161025-sysAttrValueParentConstraint.sql','2020-01-28 21:21:09.783000',1)
COMMIT
INSERT INTO SYS_DB_CHANGELOG VALUES('10-cuba/update/hsql/16/161102-setIsCollectionForExistingCategoryAttrs.sql','2020-01-28 21:21:09.784000',1)
COMMIT
INSERT INTO SYS_DB_CHANGELOG VALUES('10-cuba/update/hsql/16/161124-FilterXmlInCategoryAttr.sql','2020-01-28 21:21:09.786000',1)
COMMIT
INSERT INTO SYS_DB_CHANGELOG VALUES('10-cuba/update/hsql/16/161124-joinAndWhereInCategoryAttr.sql','2020-01-28 21:21:09.787000',1)
COMMIT
INSERT INTO SYS_DB_CHANGELOG VALUES('10-cuba/update/hsql/16/270916-addEntityIdToQueryResult.sql','2020-01-28 21:21:09.787000',1)
COMMIT
INSERT INTO SYS_DB_CHANGELOG VALUES('10-cuba/update/hsql/16/280916-removeNotNullEntityOnQueryResult.sql','2020-01-28 21:21:09.788000',1)
COMMIT
INSERT INTO SYS_DB_CHANGELOG VALUES('10-cuba/update/hsql/17/170214-addEntityIdToSnapshot.sql','2020-01-28 21:21:09.789000',1)
COMMIT
INSERT INTO SYS_DB_CHANGELOG VALUES('10-cuba/update/hsql/17/170215-addEntityIdToEntityLog.sql','2020-01-28 21:21:09.790000',1)
COMMIT
INSERT INTO SYS_DB_CHANGELOG VALUES('10-cuba/update/hsql/17/170221-addEntityIdToAttributeValue.sql','2020-01-28 21:21:09.791000',1)
COMMIT
INSERT INTO SYS_DB_CHANGELOG VALUES('10-cuba/update/hsql/17/170228-createRestApiTokenTable.sql','2020-01-28 21:21:09.792000',1)
COMMIT
INSERT INTO SYS_DB_CHANGELOG VALUES('10-cuba/update/hsql/17/170502-createSessionHistoryTable.sql','2020-01-28 21:21:09.795000',1)
COMMIT
INSERT INTO SYS_DB_CHANGELOG VALUES('10-cuba/update/hsql/17/170620-alterConstraints.sql','2020-01-28 21:21:09.796000',1)
COMMIT
INSERT INTO SYS_DB_CHANGELOG VALUES('10-cuba/update/hsql/17/170712-createLocalizedConstraintMessageTable.sql','2020-01-28 21:21:09.797000',1)
COMMIT
INSERT INTO SYS_DB_CHANGELOG VALUES('10-cuba/update/hsql/17/170829-addLocaleNameColumnToCategory.sql','2020-01-28 21:21:09.798000',1)
COMMIT
INSERT INTO SYS_DB_CHANGELOG VALUES('10-cuba/update/hsql/17/171002-addUserLoginToRestApiToken.sql','2020-01-28 21:21:09.798000',1)
COMMIT
INSERT INTO SYS_DB_CHANGELOG VALUES('10-cuba/update/hsql/17/171116-addGlobalDefaultToFilterEntity.sql','2020-01-28 21:21:09.799000',1)
COMMIT
INSERT INTO SYS_DB_CHANGELOG VALUES('10-cuba/update/hsql/17/171121-addLocaleToRestApiToken.sql','2020-01-28 21:21:09.800000',1)
COMMIT
INSERT INTO SYS_DB_CHANGELOG VALUES('10-cuba/update/hsql/17/1712011000-createRestApiRefreshTokenTable.sql','2020-01-28 21:21:09.800000',1)
COMMIT
INSERT INTO SYS_DB_CHANGELOG VALUES('10-cuba/update/hsql/17/1712011010-renameRestApiTokenColumns.sql','2020-01-28 21:21:09.801000',1)
COMMIT
INSERT INTO SYS_DB_CHANGELOG VALUES('10-cuba/update/hsql/17/1712011010-renameRestApiTokenTable.sql','2020-01-28 21:21:09.802000',1)
COMMIT
INSERT INTO SYS_DB_CHANGELOG VALUES('10-cuba/update/hsql/17/171227-createIndexStartedTsDescToSessionLog.sql','2020-01-28 21:21:09.803000',1)
COMMIT
INSERT INTO SYS_DB_CHANGELOG VALUES('10-cuba/update/hsql/17/171229-addRefreshTokenColumnToAccessTokenTable.sql','2020-01-28 21:21:09.804000',1)
COMMIT
INSERT INTO SYS_DB_CHANGELOG VALUES('10-cuba/update/hsql/18/180112-alterDynamicAttributeDoubleType.sql','2020-01-28 21:21:09.804000',1)
COMMIT
INSERT INTO SYS_DB_CHANGELOG VALUES('10-cuba/update/hsql/18/180312-renameColumns.sql','2020-01-28 21:21:09.805000',1)
COMMIT
INSERT INTO SYS_DB_CHANGELOG VALUES('10-cuba/update/hsql/18/180321-addContentBodyTypeColumnToSendingMessage.sql','2020-01-28 21:21:09.807000',1)
COMMIT
INSERT INTO SYS_DB_CHANGELOG VALUES('10-cuba/update/hsql/18/180331-truncateQueryResultTable.sql','2020-01-28 21:21:09.808000',1)
COMMIT
INSERT INTO SYS_DB_CHANGELOG VALUES('10-cuba/update/hsql/18/180704-addNotNullForConfig.sql','2020-01-28 21:21:09.808000',1)
COMMIT
INSERT INTO SYS_DB_CHANGELOG VALUES('10-cuba/update/hsql/18/181024-addCcAndBccToSendingMessage.sql','2020-01-28 21:21:09.809000',1)
COMMIT
INSERT INTO SYS_DB_CHANGELOG VALUES('10-cuba/update/hsql/18/181210-addUserPasswordEncryption.sql','2020-01-28 21:21:09.810000',1)
COMMIT
INSERT INTO SYS_DB_CHANGELOG VALUES('10-cuba/update/hsql/18/181227-addScreenHistorySupportedIdTypes.sql','2020-01-28 21:21:09.811000',1)
COMMIT
INSERT INTO SYS_DB_CHANGELOG VALUES('10-cuba/update/hsql/19/190321-addEntityLogInstanceName.sql','2020-01-28 21:21:09.811000',1)
COMMIT
INSERT INTO SYS_DB_CHANGELOG VALUES('10-cuba/update/hsql/19/190326-renameScheduledTaskColumns.sql','2020-01-28 21:21:09.812000',1)
COMMIT
INSERT INTO SYS_DB_CHANGELOG VALUES('10-cuba/update/hsql/19/190408-addNewDynamicAttrType.sql','2020-01-28 21:21:09.813000',1)
COMMIT
INSERT INTO SYS_DB_CHANGELOG VALUES('10-cuba/update/hsql/19/190410-addDescriptionFieldForDynamicAttributes.sql','2020-01-28 21:21:09.813000',1)
COMMIT
INSERT INTO SYS_DB_CHANGELOG VALUES('10-cuba/update/hsql/19/190627-dynamicAttributesImprovements.sql','2020-01-28 21:21:09.814000',1)
COMMIT
DISCONNECT
/*C8*/SET SCHEMA PUBLIC
DISCONNECT
/*C9*/SET SCHEMA PUBLIC
DISCONNECT
/*C10*/SET SCHEMA PUBLIC
DISCONNECT
/*C11*/SET SCHEMA PUBLIC
DISCONNECT
/*C12*/SET SCHEMA PUBLIC
DISCONNECT
/*C13*/SET SCHEMA PUBLIC
DISCONNECT
/*C14*/SET SCHEMA PUBLIC
DISCONNECT
/*C16*/SET SCHEMA PUBLIC
DISCONNECT
/*C15*/SET SCHEMA PUBLIC
DISCONNECT
/*C17*/SET SCHEMA PUBLIC
DISCONNECT
/*C18*/SET SCHEMA PUBLIC
DISCONNECT
/*C19*/SET SCHEMA PUBLIC
DISCONNECT
/*C20*/SET SCHEMA PUBLIC
DISCONNECT
/*C21*/SET SCHEMA PUBLIC
DISCONNECT
/*C22*/SET SCHEMA PUBLIC
DISCONNECT
/*C24*/SET SCHEMA PUBLIC
DISCONNECT
/*C23*/SET SCHEMA PUBLIC
DISCONNECT
/*C25*/SET SCHEMA PUBLIC
DISCONNECT
/*C26*/SET SCHEMA PUBLIC
DISCONNECT
/*C27*/SET SCHEMA PUBLIC
DISCONNECT
/*C28*/SET SCHEMA PUBLIC
DISCONNECT
/*C29*/SET SCHEMA PUBLIC
DISCONNECT
/*C30*/SET SCHEMA PUBLIC
DISCONNECT
/*C32*/SET SCHEMA PUBLIC
DISCONNECT
/*C31*/SET SCHEMA PUBLIC
DISCONNECT
/*C33*/SET SCHEMA PUBLIC
DISCONNECT
/*C34*/SET SCHEMA PUBLIC
DISCONNECT
/*C35*/SET SCHEMA PUBLIC
DISCONNECT
/*C36*/SET SCHEMA PUBLIC
DISCONNECT
/*C37*/SET SCHEMA PUBLIC
DISCONNECT
/*C38*/SET SCHEMA PUBLIC
DISCONNECT
/*C40*/SET SCHEMA PUBLIC
DISCONNECT
/*C39*/SET SCHEMA PUBLIC
DISCONNECT
/*C41*/SET SCHEMA PUBLIC
DISCONNECT
/*C42*/SET SCHEMA PUBLIC
DISCONNECT
/*C43*/SET SCHEMA PUBLIC
DISCONNECT
/*C44*/SET SCHEMA PUBLIC
DISCONNECT
/*C45*/SET SCHEMA PUBLIC
DISCONNECT
/*C46*/SET SCHEMA PUBLIC
DISCONNECT
/*C48*/SET SCHEMA PUBLIC
DISCONNECT
/*C47*/SET SCHEMA PUBLIC
DISCONNECT
/*C49*/SET SCHEMA PUBLIC
DISCONNECT
/*C50*/SET SCHEMA PUBLIC
DISCONNECT
/*C51*/SET SCHEMA PUBLIC
DISCONNECT
/*C52*/SET SCHEMA PUBLIC
DISCONNECT
/*C53*/SET SCHEMA PUBLIC
DISCONNECT
/*C54*/SET SCHEMA PUBLIC
DISCONNECT
/*C56*/SET SCHEMA PUBLIC
DISCONNECT
/*C55*/SET SCHEMA PUBLIC
DISCONNECT
/*C57*/SET SCHEMA PUBLIC
DISCONNECT
/*C58*/SET SCHEMA PUBLIC
INSERT INTO SYS_SERVER VALUES('4853e7ac-ee32-05cd-1113-1c6c4ff4aba3','2020-01-28 21:56:42.939000',NULL,'2020-01-28 21:56:42.939000',NULL,'localhost:8080/app-core',TRUE,NULL)
COMMIT
DELETE FROM SYS_SERVER WHERE ID='4853e7ac-ee32-05cd-1113-1c6c4ff4aba3'
INSERT INTO SYS_SERVER VALUES('4853e7ac-ee32-05cd-1113-1c6c4ff4aba3','2020-01-28 21:56:42.939000',NULL,'2020-01-28 21:57:42.921000',NULL,'localhost:8080/app-core',TRUE,NULL)
COMMIT
INSERT INTO SEC_USER_SETTING VALUES('d25308f4-8685-53dc-5837-aaa6f3845cfc','2020-01-28 21:58:32.632000','admin','60885987-1b61-4247-94c7-dff348347f93','W','sec$User.lookup','<?xml version="1.0" encoding="UTF-8"?>\u000a\u000a<settings>\u000a  <components>\u000a    <component name="genericFilter">\u000a      <defaultFilter/>\u000a    </component>\u000a    <component name="usersTable"/>\u000a  </components>\u000a</settings>\u000a')
COMMIT
DELETE FROM SYS_SERVER WHERE ID='4853e7ac-ee32-05cd-1113-1c6c4ff4aba3'
INSERT INTO SYS_SERVER VALUES('4853e7ac-ee32-05cd-1113-1c6c4ff4aba3','2020-01-28 21:56:42.939000',NULL,'2020-01-28 21:58:42.921000',NULL,'localhost:8080/app-core',TRUE,NULL)
COMMIT
INSERT INTO SYS_SCHEDULED_TASK VALUES('4d6a1cc0-8396-8517-6ae4-7c598776fbc5','2020-01-28 21:58:57.092000','admin','2020-01-28 21:58:57.092000',NULL,NULL,NULL,'mailreader_ReceiveEmailsService','receive','<?xml version="1.0" encoding="UTF-8"?>\u000a\u000a<params/>\u000a','B',NULL,NULL,'admin',NULL,NULL,100,NULL,NULL,NULL,NULL,NULL,NULL,NULL,NULL,NULL,NULL,NULL,'P')
COMMIT
DELETE FROM SYS_SCHEDULED_TASK WHERE ID='4d6a1cc0-8396-8517-6ae4-7c598776fbc5'
INSERT INTO SYS_SCHEDULED_TASK VALUES('4d6a1cc0-8396-8517-6ae4-7c598776fbc5','2020-01-28 21:58:57.092000','admin','2020-01-28 21:59:01.252000','admin',NULL,NULL,'mailreader_ReceiveEmailsService','receive','<?xml version="1.0" encoding="UTF-8"?>\u000a\u000a<params/>\u000a','B',NULL,NULL,'admin',NULL,TRUE,100,NULL,NULL,NULL,NULL,NULL,NULL,NULL,NULL,NULL,NULL,NULL,'P')
COMMIT
DELETE FROM SYS_SERVER WHERE ID='4853e7ac-ee32-05cd-1113-1c6c4ff4aba3'
INSERT INTO SYS_SERVER VALUES('4853e7ac-ee32-05cd-1113-1c6c4ff4aba3','2020-01-28 21:56:42.939000',NULL,'2020-01-28 21:59:42.921000',NULL,'localhost:8080/app-core',TRUE,NULL)
COMMIT
DELETE FROM SYS_SERVER WHERE ID='4853e7ac-ee32-05cd-1113-1c6c4ff4aba3'
INSERT INTO SYS_SERVER VALUES('4853e7ac-ee32-05cd-1113-1c6c4ff4aba3','2020-01-28 21:56:42.939000',NULL,'2020-01-28 22:00:42.921000',NULL,'localhost:8080/app-core',TRUE,NULL)
COMMIT
DISCONNECT
/*C59*/SET SCHEMA PUBLIC
DISCONNECT
/*C60*/SET SCHEMA PUBLIC
DISCONNECT
/*C61*/SET SCHEMA PUBLIC
DISCONNECT
/*C62*/SET SCHEMA PUBLIC
DISCONNECT
/*C64*/SET SCHEMA PUBLIC
DISCONNECT
/*C63*/SET SCHEMA PUBLIC
DISCONNECT
/*C65*/SET SCHEMA PUBLIC
DISCONNECT
/*C66*/SET SCHEMA PUBLIC
DELETE FROM SYS_SERVER WHERE ID='4853e7ac-ee32-05cd-1113-1c6c4ff4aba3'
INSERT INTO SYS_SERVER VALUES('4853e7ac-ee32-05cd-1113-1c6c4ff4aba3','2020-01-28 21:56:42.939000',NULL,'2020-01-28 22:04:16.513000',NULL,'localhost:8080/app-core',TRUE,NULL)
COMMIT
DELETE FROM SYS_SERVER WHERE ID='4853e7ac-ee32-05cd-1113-1c6c4ff4aba3'
INSERT INTO SYS_SERVER VALUES('4853e7ac-ee32-05cd-1113-1c6c4ff4aba3','2020-01-28 21:56:42.939000',NULL,'2020-01-28 22:05:16.508000',NULL,'localhost:8080/app-core',TRUE,NULL)
COMMIT
INSERT INTO SYS_SCHEDULED_TASK VALUES('b47db48a-6017-9d08-b8b3-fad2249c1963','2020-01-28 22:06:13.706000','admin','2020-01-28 22:06:13.706000',NULL,NULL,NULL,'mailreader_ReceiveEmailsService','receive','<?xml version="1.0" encoding="UTF-8"?>\u000a\u000a<params/>\u000a','B',NULL,NULL,'admin',NULL,NULL,10,10,'2020-01-28 00:00:00.000000',NULL,NULL,NULL,TRUE,TRUE,NULL,NULL,NULL,NULL,'P')
COMMIT
DELETE FROM SYS_SERVER WHERE ID='4853e7ac-ee32-05cd-1113-1c6c4ff4aba3'
INSERT INTO SYS_SERVER VALUES('4853e7ac-ee32-05cd-1113-1c6c4ff4aba3','2020-01-28 21:56:42.939000',NULL,'2020-01-28 22:06:16.508000',NULL,'localhost:8080/app-core',TRUE,NULL)
COMMIT
INSERT INTO SYS_SCHEDULED_EXECUTION VALUES('440181c1-4805-e199-972c-243a1c1e6787','2020-01-28 22:06:21.606000','admin','b47db48a-6017-9d08-b8b3-fad2249c1963','localhost:8080/app-core','2020-01-28 22:06:21.568000',NULL,NULL)
COMMIT
INSERT INTO MAILREADER_TASK VALUES('8bc641e9-f724-406c-cc8a-20956f0e5a64',1,'2020-01-28 22:06:23.380000','admin','2020-01-28 22:06:23.380000',NULL,NULL,NULL,'\u0421\u043d\u0430\u0431\u0436\u0435\u043d\u0438\u0435',NULL,NULL,NULL)
INSERT INTO MAILREADER_TRACKER VALUES('d8af7089-3cb0-fd11-95ee-b9950afde4df',1,'2020-01-28 22:06:23.372000','admin','2020-01-28 22:06:23.372000',NULL,NULL,NULL,NULL,'\u0423\u0437\u043d\u0430\u0439\u0442\u0435 \u043e \u0441\u0443\u043f\u0435\u0440\u0432\u043e\u0437\u043c\u043e\u0436\u043d\u043e\u0441\u0442\u044f\u0445 \u041f\u043e\u0447\u0442\u044b Mail.ru','javax.mail.internet.MimeMultipart@ab7c6e0','8bc641e9-f724-406c-cc8a-20956f0e5a64','BUG','CURRENT')
COMMIT
DELETE FROM SYS_SCHEDULED_EXECUTION WHERE ID='440181c1-4805-e199-972c-243a1c1e6787'
INSERT INTO SYS_SCHEDULED_EXECUTION VALUES('440181c1-4805-e199-972c-243a1c1e6787','2020-01-28 22:06:21.606000','admin','b47db48a-6017-9d08-b8b3-fad2249c1963','localhost:8080/app-core','2020-01-28 22:06:21.568000','2020-01-28 22:06:23.557000','java.lang.RuntimeException: java.lang.reflect.InvocationTargetException\u000a{Executed manually}')
COMMIT
DELETE FROM SYS_SERVER WHERE ID='4853e7ac-ee32-05cd-1113-1c6c4ff4aba3'
INSERT INTO SYS_SERVER VALUES('4853e7ac-ee32-05cd-1113-1c6c4ff4aba3','2020-01-28 21:56:42.939000',NULL,'2020-01-28 22:07:16.508000',NULL,'localhost:8080/app-core',TRUE,NULL)
COMMIT
INSERT INTO SYS_SCHEDULED_EXECUTION VALUES('77d9bad1-ca2b-3ac7-9440-dea0a900567b','2020-01-28 22:07:26.714000','admin','b47db48a-6017-9d08-b8b3-fad2249c1963','localhost:8080/app-core','2020-01-28 22:07:26.711000',NULL,NULL)
COMMIT
DELETE FROM SYS_SCHEDULED_EXECUTION WHERE ID='77d9bad1-ca2b-3ac7-9440-dea0a900567b'
INSERT INTO SYS_SCHEDULED_EXECUTION VALUES('77d9bad1-ca2b-3ac7-9440-dea0a900567b','2020-01-28 22:07:26.714000','admin','b47db48a-6017-9d08-b8b3-fad2249c1963','localhost:8080/app-core','2020-01-28 22:07:26.711000','2020-01-28 22:07:27.530000','java.lang.RuntimeException: java.lang.reflect.InvocationTargetException\u000a{Executed manually}')
COMMIT
DELETE FROM SYS_SERVER WHERE ID='4853e7ac-ee32-05cd-1113-1c6c4ff4aba3'
INSERT INTO SYS_SERVER VALUES('4853e7ac-ee32-05cd-1113-1c6c4ff4aba3','2020-01-28 21:56:42.939000',NULL,'2020-01-28 22:08:16.508000',NULL,'localhost:8080/app-core',TRUE,NULL)
COMMIT
DISCONNECT
/*C67*/SET SCHEMA PUBLIC
DISCONNECT
/*C68*/SET SCHEMA PUBLIC
DISCONNECT
/*C69*/SET SCHEMA PUBLIC
DISCONNECT
/*C70*/SET SCHEMA PUBLIC
DISCONNECT
/*C72*/SET SCHEMA PUBLIC
DISCONNECT
/*C71*/SET SCHEMA PUBLIC
DISCONNECT
/*C73*/SET SCHEMA PUBLIC
DISCONNECT
/*C74*/SET SCHEMA PUBLIC
DISCONNECT
/*C75*/SET SCHEMA PUBLIC
DISCONNECT
/*C76*/SET SCHEMA PUBLIC
DISCONNECT
/*C77*/SET SCHEMA PUBLIC
DISCONNECT
/*C78*/SET SCHEMA PUBLIC
DISCONNECT
/*C79*/SET SCHEMA PUBLIC
DISCONNECT
/*C80*/SET SCHEMA PUBLIC
drop index IDX_MAILREADER_TASK_UNIQ_SHORTDESC 
INSERT INTO SYS_DB_CHANGELOG VALUES('50-mailreader/update/hsql/20/200128-1-updateTask.sql','2020-01-28 22:09:25.911000',0)
COMMIT
DISCONNECT
/*C81*/SET SCHEMA PUBLIC
DISCONNECT
/*C82*/SET SCHEMA PUBLIC
DELETE FROM SYS_SERVER WHERE ID='4853e7ac-ee32-05cd-1113-1c6c4ff4aba3'
INSERT INTO SYS_SERVER VALUES('4853e7ac-ee32-05cd-1113-1c6c4ff4aba3','2020-01-28 21:56:42.939000',NULL,'2020-01-28 22:10:14.200000',NULL,'localhost:8080/app-core',TRUE,NULL)
COMMIT
DELETE FROM SYS_SCHEDULED_TASK WHERE ID='b47db48a-6017-9d08-b8b3-fad2249c1963'
INSERT INTO SYS_SCHEDULED_TASK VALUES('b47db48a-6017-9d08-b8b3-fad2249c1963','2020-01-28 22:06:13.706000','admin','2020-01-28 22:10:30.082000','admin',NULL,NULL,'mailreader_ReceiveEmailsService','receive','<?xml version="1.0" encoding="UTF-8"?>\u000a\u000a<params/>\u000a','B',NULL,NULL,'admin',NULL,TRUE,10,10,'2020-01-28 00:00:00.000000',NULL,NULL,NULL,TRUE,TRUE,NULL,NULL,NULL,NULL,'P')
COMMIT
DELETE FROM SYS_SCHEDULED_TASK WHERE ID='4d6a1cc0-8396-8517-6ae4-7c598776fbc5'
INSERT INTO SYS_SCHEDULED_TASK VALUES('4d6a1cc0-8396-8517-6ae4-7c598776fbc5','2020-01-28 21:58:57.092000','admin','2020-01-28 22:10:42.537000','admin',NULL,NULL,'mailreader_ReceiveEmailsService','receive','<?xml version="1.0" encoding="UTF-8"?>\u000a\u000a<params/>\u000a','B',NULL,NULL,'admin',NULL,FALSE,100,NULL,NULL,NULL,NULL,NULL,NULL,NULL,NULL,NULL,NULL,NULL,'P')
COMMIT
INSERT INTO MAILREADER_TASK VALUES('fd1295a9-f169-0353-b86b-3dc96c882fa6',1,'2020-01-28 22:10:45.970000','admin','2020-01-28 22:10:45.970000',NULL,NULL,NULL,'\u0421\u043d\u0430\u0431\u0436\u0435\u043d\u0438\u0435',NULL,NULL,NULL)
INSERT INTO MAILREADER_TRACKER VALUES('2c0da002-2dc4-35ca-6b9d-19ae530970b3',1,'2020-01-28 22:10:45.960000','admin','2020-01-28 22:10:45.960000',NULL,NULL,NULL,NULL,'\u0423\u0437\u043d\u0430\u0439\u0442\u0435 \u043e \u0441\u0443\u043f\u0435\u0440\u0432\u043e\u0437\u043c\u043e\u0436\u043d\u043e\u0441\u0442\u044f\u0445 \u041f\u043e\u0447\u0442\u044b Mail.ru','javax.mail.internet.MimeMultipart@df66ce0','fd1295a9-f169-0353-b86b-3dc96c882fa6','BUG','CURRENT')
COMMIT
INSERT INTO MAILREADER_TASK VALUES('a84cd8a4-6c42-a097-5749-aae2c22a80f7',1,'2020-01-28 22:10:46.139000','admin','2020-01-28 22:10:46.139000',NULL,NULL,NULL,'\u0421\u043d\u0430\u0431\u0436\u0435\u043d\u0438\u0435',NULL,NULL,NULL)
INSERT INTO MAILREADER_TRACKER VALUES('a9d65e2a-626d-ef51-c108-a6fc25e162a7',1,'2020-01-28 22:10:46.134000','admin','2020-01-28 22:10:46.134000',NULL,NULL,NULL,NULL,'\u041a\u0430\u043a \u0432\u043e\u0441\u043f\u043e\u043b\u044c\u0437\u043e\u0432\u0430\u0442\u044c\u0441\u044f \u043f\u043e\u0447\u0442\u043e\u0439 \u0441 \u043c\u043e\u0431\u0438\u043b\u044c\u043d\u043e\u0433\u043e?','javax.mail.internet.MimeMultipart@66218e97','a84cd8a4-6c42-a097-5749-aae2c22a80f7','BUG','CURRENT')
COMMIT
INSERT INTO MAILREADER_TASK VALUES('23744b02-b95f-fdb1-97e5-0a98b5343d21',1,'2020-01-28 22:10:46.283000','admin','2020-01-28 22:10:46.283000',NULL,NULL,NULL,'\u0421\u043d\u0430\u0431\u0436\u0435\u043d\u0438\u0435',NULL,NULL,NULL)
INSERT INTO MAILREADER_TRACKER VALUES('12b01721-8f39-5fae-f790-c701087dc207',1,'2020-01-28 22:10:46.280000','admin','2020-01-28 22:10:46.280000',NULL,NULL,NULL,NULL,'Mail.ru \u2013 \u0431\u043e\u043b\u044c\u0448\u0435, \u0447\u0435\u043c \u043f\u043e\u0447\u0442\u0430. \u041f\u043e\u0437\u043d\u0430\u043a\u043e\u043c\u044c\u0442\u0435\u0441\u044c \u0441 \u043f\u0440\u043e\u0435\u043a\u0442\u0430\u043c\u0438 Mail.ru Group','javax.mail.internet.MimeMultipart@5e19d50c','23744b02-b95f-fdb1-97e5-0a98b5343d21','BUG','CURRENT')
COMMIT
DELETE FROM SYS_SERVER WHERE ID='4853e7ac-ee32-05cd-1113-1c6c4ff4aba3'
INSERT INTO SYS_SERVER VALUES('4853e7ac-ee32-05cd-1113-1c6c4ff4aba3','2020-01-28 21:56:42.939000',NULL,'2020-01-28 22:11:14.197000',NULL,'localhost:8080/app-core',TRUE,NULL)
COMMIT
DELETE FROM SYS_SERVER WHERE ID='4853e7ac-ee32-05cd-1113-1c6c4ff4aba3'
INSERT INTO SYS_SERVER VALUES('4853e7ac-ee32-05cd-1113-1c6c4ff4aba3','2020-01-28 21:56:42.939000',NULL,'2020-01-28 22:12:14.196000',NULL,'localhost:8080/app-core',TRUE,NULL)
COMMIT
INSERT INTO SYS_CATEGORY VALUES('a92546eb-6a75-883e-4f7a-efb2d039e21c','2020-01-28 22:12:16.960000','admin',1,'2020-01-28 22:12:16.960000',NULL,NULL,NULL,'kkk',NULL,'mailreader_Tracker',NULL,0,NULL)
COMMIT
INSERT INTO SEC_USER_SETTING VALUES('178b24b2-b2e9-bf92-37f1-56cc310e7b80','2020-01-28 22:12:16.992000','admin','60885987-1b61-4247-94c7-dff348347f93','W','sys$Category.edit','<?xml version="1.0" encoding="UTF-8"?>\u000a\u000a<settings>\u000a  <components>\u000a    <component name="localizedGroupBox"/>\u000a    <component name="categoryAttrsFrame.categoryAttrsTable" presentation=""/>\u000a    <component name="attributesLocationFrame.sourceDataGrid"/>\u000a  </components>\u000a</settings>\u000a')
COMMIT
DELETE FROM MAILREADER_TRACKER WHERE ID='12b01721-8f39-5fae-f790-c701087dc207'
INSERT INTO MAILREADER_TRACKER VALUES('12b01721-8f39-5fae-f790-c701087dc207',2,'2020-01-28 22:10:46.280000','admin','2020-01-28 22:10:46.280000',NULL,'2020-01-28 22:13:09.148000','admin',NULL,'Mail.ru \u2013 \u0431\u043e\u043b\u044c\u0448\u0435, \u0447\u0435\u043c \u043f\u043e\u0447\u0442\u0430. \u041f\u043e\u0437\u043d\u0430\u043a\u043e\u043c\u044c\u0442\u0435\u0441\u044c \u0441 \u043f\u0440\u043e\u0435\u043a\u0442\u0430\u043c\u0438 Mail.ru Group','javax.mail.internet.MimeMultipart@5e19d50c','23744b02-b95f-fdb1-97e5-0a98b5343d21','BUG','CURRENT')
DELETE FROM MAILREADER_TRACKER WHERE ID='2c0da002-2dc4-35ca-6b9d-19ae530970b3'
INSERT INTO MAILREADER_TRACKER VALUES('2c0da002-2dc4-35ca-6b9d-19ae530970b3',2,'2020-01-28 22:10:45.960000','admin','2020-01-28 22:10:45.960000',NULL,'2020-01-28 22:13:09.142000','admin',NULL,'\u0423\u0437\u043d\u0430\u0439\u0442\u0435 \u043e \u0441\u0443\u043f\u0435\u0440\u0432\u043e\u0437\u043c\u043e\u0436\u043d\u043e\u0441\u0442\u044f\u0445 \u041f\u043e\u0447\u0442\u044b Mail.ru','javax.mail.internet.MimeMultipart@df66ce0','fd1295a9-f169-0353-b86b-3dc96c882fa6','BUG','CURRENT')
DELETE FROM MAILREADER_TRACKER WHERE ID='a9d65e2a-626d-ef51-c108-a6fc25e162a7'
INSERT INTO MAILREADER_TRACKER VALUES('a9d65e2a-626d-ef51-c108-a6fc25e162a7',2,'2020-01-28 22:10:46.134000','admin','2020-01-28 22:10:46.134000',NULL,'2020-01-28 22:13:09.136000','admin',NULL,'\u041a\u0430\u043a \u0432\u043e\u0441\u043f\u043e\u043b\u044c\u0437\u043e\u0432\u0430\u0442\u044c\u0441\u044f \u043f\u043e\u0447\u0442\u043e\u0439 \u0441 \u043c\u043e\u0431\u0438\u043b\u044c\u043d\u043e\u0433\u043e?','javax.mail.internet.MimeMultipart@66218e97','a84cd8a4-6c42-a097-5749-aae2c22a80f7','BUG','CURRENT')
DELETE FROM MAILREADER_TRACKER WHERE ID='d8af7089-3cb0-fd11-95ee-b9950afde4df'
INSERT INTO MAILREADER_TRACKER VALUES('d8af7089-3cb0-fd11-95ee-b9950afde4df',2,'2020-01-28 22:06:23.372000','admin','2020-01-28 22:06:23.372000',NULL,'2020-01-28 22:13:09.154000','admin',NULL,'\u0423\u0437\u043d\u0430\u0439\u0442\u0435 \u043e \u0441\u0443\u043f\u0435\u0440\u0432\u043e\u0437\u043c\u043e\u0436\u043d\u043e\u0441\u0442\u044f\u0445 \u041f\u043e\u0447\u0442\u044b Mail.ru','javax.mail.internet.MimeMultipart@ab7c6e0','8bc641e9-f724-406c-cc8a-20956f0e5a64','BUG','CURRENT')
COMMIT
DELETE FROM SYS_SERVER WHERE ID='4853e7ac-ee32-05cd-1113-1c6c4ff4aba3'
INSERT INTO SYS_SERVER VALUES('4853e7ac-ee32-05cd-1113-1c6c4ff4aba3','2020-01-28 21:56:42.939000',NULL,'2020-01-28 22:13:14.196000',NULL,'localhost:8080/app-core',TRUE,NULL)
COMMIT
DISCONNECT
/*C83*/SET SCHEMA PUBLIC
DISCONNECT
/*C84*/SET SCHEMA PUBLIC
DISCONNECT
/*C85*/SET SCHEMA PUBLIC
DISCONNECT
/*C86*/SET SCHEMA PUBLIC
DISCONNECT
/*C88*/SET SCHEMA PUBLIC
DISCONNECT
/*C87*/SET SCHEMA PUBLIC
DISCONNECT
/*C89*/SET SCHEMA PUBLIC
DISCONNECT
/*C90*/SET SCHEMA PUBLIC
DELETE FROM SYS_SERVER WHERE ID='4853e7ac-ee32-05cd-1113-1c6c4ff4aba3'
INSERT INTO SYS_SERVER VALUES('4853e7ac-ee32-05cd-1113-1c6c4ff4aba3','2020-01-28 21:56:42.939000',NULL,'2020-01-28 22:23:48.912000',NULL,'localhost:8080/app-core',TRUE,NULL)
COMMIT
INSERT INTO MAILREADER_TASK VALUES('689c15ee-b519-9abd-ed6f-2c3a74945188',1,'2020-01-28 22:24:17.137000','admin','2020-01-28 22:24:17.137000',NULL,NULL,NULL,'\u0421\u043d\u0430\u0431\u0436\u0435\u043d\u0438\u0435',NULL,NULL,NULL)
INSERT INTO MAILREADER_TRACKER VALUES('ba9b52b7-2ea2-7315-239e-f34458418c63',1,'2020-01-28 22:24:17.124000','admin','2020-01-28 22:24:17.124000',NULL,NULL,NULL,NULL,'\u0423\u0437\u043d\u0430\u0439\u0442\u0435 \u043e \u0441\u0443\u043f\u0435\u0440\u0432\u043e\u0437\u043c\u043e\u0436\u043d\u043e\u0441\u0442\u044f\u0445 \u041f\u043e\u0447\u0442\u044b Mail.ru','\u000a \u0417\u0434\u0440\u0430\u0432\u0441\u0442\u0432\u0443\u0439\u0442\u0435, asdfsfad! \u000d\u000a\u000d\u000a\u041f\u0440\u043e\u0447\u0438\u0442\u0430\u0439\u0442\u0435 \u044d\u0442\u043e \u043f\u0438\u0441\u044c\u043c\u043e, \u0447\u0442\u043e\u0431\u044b \u0443\u0437\u043d\u0430\u0442\u044c\u000d\u000a\u043e \u0421\u0423\u041f\u0415\u0420\u0412\u041e\u0417\u041c\u041e\u0416\u041d\u041e\u0421\u0422\u042f\u0425 \u0432\u0430\u0448\u0435\u0439 \u043f\u043e\u0447\u0442\u044b\u000d\u000a\u000d\u000a---\u000d\u000a\u000d\u000a\u0411\u042b\u0421\u0422\u0420\u042b\u0419 \u0438 \u041f\u0420\u041e\u0421\u0422\u041e\u0419 \u0438\u043d\u0442\u0435\u0440\u0444\u0435\u0439\u0441\u000d\u000a\u0438 \u0411\u0415\u0417\u041b\u0418\u041c\u0418\u0422\u041d\u041e\u0415 \u0445\u0440\u0430\u043d\u0438\u043b\u0438\u0449\u0435 \u0434\u043b\u044f \u043f\u0438\u0441\u0435\u043c \u000d\u000a\u0438 \u0432\u043b\u043e\u0436\u0435\u043d\u0438\u0439\u000d\u000a\u000d\u000a---\u000d\u000a\u000d\u000a\u0423\u041d\u0418\u041a\u0410\u041b\u042c\u041d\u042b\u0415 \u0422\u0415\u041c\u042b \u043e\u0444\u043e\u0440\u043c\u043b\u0435\u043d\u0438\u044f\u000d\u000a\u0441 \u043f\u0440\u043e\u0433\u043d\u043e\u0437\u043e\u043c \u043f\u043e\u0433\u043e\u0434\u044b, \u0440\u0435\u0437\u0443\u043b\u044c\u0442\u0430\u0442\u0430\u043c\u0438 \u0441\u043f\u043e\u0440\u0442\u0438\u0432\u043d\u044b\u0445\u000d\u000a\u0441\u043e\u0441\u0442\u044f\u0437\u0430\u043d\u0438\u0439, \u0433\u0435\u0440\u043e\u044f\u043c\u0438 Disney\u00a9\u000d\u000a\u000d\u000a\u00a0\u000d\u000a\u0412\u044b\u0431\u0440\u0430\u0442\u044c \u0442\u0435\u043c\u0443 >> https://r.mail.ru/n208494145 \u000d\u000a\u00a0\u000d\u000a---\u000d\u000a\u000d\u000a\u0412\u042b\u0421\u041e\u041a\u041e\u0422\u041e\u0427\u041d\u042b\u0419 \u041f\u041e\u0418\u0421\u041a \u043f\u043e \u043f\u0438\u0441\u044c\u043c\u0430\u043c,\u000d\u000a\u0432\u043b\u043e\u0436\u0435\u043d\u0438\u044f\u043c \u0438 \u0441\u043e\u0434\u0435\u0440\u0436\u0438\u043c\u043e\u043c\u0443 \u0434\u043e\u043a\u0443\u043c\u0435\u043d\u0442\u043e\u0432\u000d\u000a\u000d\u000a---\u000d\u000a\u000d\u000a\u0411\u044b\u0441\u0442\u0440\u044b\u0439 \u041f\u0420\u041e\u0421\u041c\u041e\u0422\u0420 \u0438 \u043e\u043d\u043b\u0430\u0439\u043d \u000d\u000a\u0440\u0435\u0434\u0430\u043a\u0442\u0438\u0440\u043e\u0432\u0430\u043d\u0438\u0435 \u0444\u043e\u0442\u043e\u0433\u0440\u0430\u0444\u0438\u0439, \u0442\u0430\u0431\u043b\u0438\u0446, \u000d\u000a\u0434\u043e\u043a\u0443\u043c\u0435\u043d\u0442\u043e\u0432 \u0438\u043b\u0438 \u043f\u0440\u0435\u0437\u0435\u043d\u0442\u0430\u0446\u0438\u0439\u000d\u000a\u000d\u000a---\u000d\u000a\u00a0\u000d\u000a\u0423\u043d\u0438\u043a\u0430\u043b\u044c\u043d\u0430\u044f \u0421\u0418\u0421\u0422\u0415\u041c\u0410 \u041f\u0420\u0410\u0412\u0418\u041b \u0424\u0418\u041b\u042c\u0422\u0420\u0410\u0426\u0418\u0418 \u000d\u000a\u0440\u0430\u0441\u0441\u044b\u043b\u043e\u043a \u0438 \u043c\u0433\u043d\u043e\u0432\u0435\u043d\u043d\u043e\u0435 \u0434\u043e\u0431\u0430\u0432\u043b\u0435\u043d\u0438\u0435 \u000d\u000a\u0444\u0438\u043b\u044c\u0442\u0440\u043e\u0432 \u0441 \u043f\u043e\u043c\u043e\u0449\u044c\u044e \u043f\u0435\u0440\u0435\u0442\u044f\u0433\u0438\u0432\u0430\u043d\u0438\u044f \u043f\u0438\u0441\u0435\u043c \u000d\u000a\u0432 \u0441\u0443\u0449\u0435\u0441\u0442\u0432\u0443\u044e\u0449\u0438\u0435 \u043f\u0430\u043f\u043a\u0438\u000d\u000a\u000d\u000a---\u000d\u000a\u00a0\u000d\u000a\u000d\u000a\u041b\u0443\u0447\u0448\u0435\u0435 \u041c\u041e\u0411\u0418\u041b\u042c\u041d\u041e\u0415 \u041f\u0420\u0418\u041b\u041e\u0416\u0415\u041d\u0418\u0415 \u0434\u043b\u044f \u000d\u000a\u000d\u000aiPhone  >>\u00a0https://r.mail.ru/n208499443\u00a0\u00a0\u00a0\u000d\u000aAndroid >> https://r.mail.ru/n208499558 \u000d\u000a\u00a0\u000d\u000a---\u000d\u000a\u000d\u000a\u041e\u0434\u043d\u043e\u0432\u0440\u0435\u043c\u0435\u043d\u043d\u0430\u044f \u043f\u0440\u043e\u0432\u0435\u0440\u043a\u0430 \u0438 \u043f\u0430\u0440\u0430\u043b\u043b\u0435\u043b\u044c\u043d\u043e\u0435 \u000d\u000a\u0418\u0421\u041f\u041e\u041b\u042c\u0417\u041e\u0412\u0410\u041d\u0418\u0415 \u041d\u0415\u0421\u041a\u041e\u041b\u042c\u041a\u0418\u0425 \u043f\u043e\u0447\u0442\u043e\u0432\u044b\u0445 \u042f\u0429\u0418\u041a\u041e\u0412\u000d\u000a\u000d\u000a\u041a\u0430\u043a \u0434\u043e\u0431\u0430\u0432\u0438\u0442\u044c \u043f\u043e\u0447\u0442\u043e\u0432\u044b\u0439 \u044f\u0449\u0438\u043a >> https://r.mail.ru/n208499577\u000d\u000a\u00a0\u000d\u000a\u00a0\u000d\u000a---\u000d\u000a\u000d\u000a\u0421\u043b\u0435\u0434\u0438\u0442\u0435 \u0437\u0430 \u043d\u0430\u0448\u0438\u043c\u0438 \u043d\u043e\u0432\u043e\u0441\u0442\u044f\u043c\u0438 \u0432 \u0431\u043b\u043e\u0433\u0435 (https://mailblog.mail.ru/) \u041f\u043e\u0447\u0442\u044b\u000d\u000a\u0438 \u0441\u043e\u0446\u0438\u0430\u043b\u044c\u043d\u044b\u0445 \u0441\u0435\u0442\u044f\u0445:\u000d\u000a\u000d\u000ahttps://vk.com/e_mail_ru \u000d\u000ahttps://ok.ru/group/52522315940083 \u000d\u000ahttps://www.facebook.com/why.mail.ru \u000d\u000ahttps://twitter.com/e_mail_ru \u000d\u000ahttps://my.mail.ru/community/mailru/ \u000d\u000a\u000d\u000a---\u000d\u000a\u000d\u000a\u0421 \u043d\u0430\u0438\u043b\u0443\u0447\u0448\u0438\u043c\u0438 \u043f\u043e\u0436\u0435\u043b\u0430\u043d\u0438\u044f\u043c\u0438, \u043a\u043e\u043c\u0430\u043d\u0434\u0430 \u041f\u043e\u0447\u0442\u044b Mail.ru\u000d\u000a\u000d\u000aMail.ru Group, \u041c\u043e\u0441\u043a\u0432\u0430 \u2014 \u0412\u0441\u0435 \u043f\u0440\u0430\u0432\u0430 \u0437\u0430\u0449\u0438\u0449\u0435\u043d\u044b.','689c15ee-b519-9abd-ed6f-2c3a74945188','bug','current')
COMMIT
INSERT INTO MAILREADER_TASK VALUES('5d289c2c-bbaa-fda4-d05f-27d5463e21a2',1,'2020-01-28 22:24:17.480000','admin','2020-01-28 22:24:17.480000',NULL,NULL,NULL,'\u0421\u043d\u0430\u0431\u0436\u0435\u043d\u0438\u0435',NULL,NULL,NULL)
INSERT INTO MAILREADER_TRACKER VALUES('6bd1de3b-9515-8b48-800b-2eb048b16580',1,'2020-01-28 22:24:17.477000','admin','2020-01-28 22:24:17.477000',NULL,NULL,NULL,NULL,'\u041a\u0430\u043a \u0432\u043e\u0441\u043f\u043e\u043b\u044c\u0437\u043e\u0432\u0430\u0442\u044c\u0441\u044f \u043f\u043e\u0447\u0442\u043e\u0439 \u0441 \u043c\u043e\u0431\u0438\u043b\u044c\u043d\u043e\u0433\u043e?','\u000a \u0417\u0434\u0440\u0430\u0432\u0441\u0442\u0432\u0443\u0439\u0442\u0435! \u000d\u000a\u000d\u000a\u041f\u043e\u043b\u044c\u0437\u0443\u0439\u0442\u0435\u0441\u044c \u041f\u043e\u0447\u0442\u043e\u0439 \u0441 \u043c\u043e\u0431\u0438\u043b\u044c\u043d\u043e\u0433\u043e, \u043d\u0430\u0445\u043e\u0434\u044f\u0441\u044c \u0432 \u043b\u044e\u0431\u043e\u0439 \u0442\u043e\u0447\u043a\u0435 \u0417\u0435\u043c\u043b\u0438\u000d\u000a\u000d\u000a\u041f\u043e\u0447\u0442\u0430 \u0432\u0441\u0435\u0433\u0434\u0430 \u0440\u044f\u0434\u043e\u043c, \u0434\u0430\u0436\u0435 \u0435\u0441\u043b\u0438 \u0432\u044b \u0434\u0430\u043b\u0435\u043a\u043e \u043e\u0442 \u043a\u043e\u043c\u043f\u044c\u044e\u0442\u0435\u0440\u0430. \u0427\u0438\u0442\u0430\u0439\u0442\u0435 \u0438\u000d\u000a\u043e\u0442\u043f\u0440\u0430\u0432\u043b\u044f\u0439\u0442\u0435 \u043f\u0438\u0441\u044c\u043c\u0430, \u043f\u0440\u0438\u043a\u0440\u0435\u043f\u043b\u044f\u0439\u0442\u0435 \u0438 \u043f\u0440\u043e\u0441\u043c\u0430\u0442\u0440\u0438\u0432\u0430\u0439\u0442\u0435 \u0444\u0430\u0439\u043b\u044b, \u043d\u0430\u0445\u043e\u0434\u044f\u0441\u044c \u0432\u000d\u000a\u043b\u044e\u0431\u043e\u0439 \u0442\u043e\u0447\u043a\u0435 \u0417\u0435\u043c\u043b\u0438.\u000d\u000a\u000d\u000a\u0423\u0441\u0442\u0430\u043d\u043e\u0432\u0438\u0442\u0435 \u043f\u0440\u0438\u043b\u043e\u0436\u0435\u043d\u0438\u0435\u000d\u000a\u0414\u043e\u0441\u0442\u0443\u043f\u043d\u043e \u0432 Google Play >> https://trk.mail.ru/c/hgc3j2?mt_gaid={$gaid}\u000d\u000a\u000d\u000a\u0417\u0430\u0433\u0440\u0443\u0437\u0438\u0442\u0435 \u0432 App Store >> https://trk.mail.ru/c/gvxf07?mt_idfa={$idfa}\u000d\u000a\u000d\u000a\u041c\u0433\u043d\u043e\u0432\u0435\u043d\u043d\u044b\u0435 \u0443\u0432\u0435\u0434\u043e\u043c\u043b\u0435\u043d\u0438\u044f\u000d\u000a\u0423\u0437\u043d\u0430\u0432\u0430\u0439\u0442\u0435 \u043e \u043d\u043e\u0432\u044b\u0445 \u043f\u0438\u0441\u044c\u043c\u0430\u0445 \u043c\u0433\u043d\u043e\u0432\u0435\u043d\u043d\u043e. \u041f\u0440\u043e\u0432\u0435\u0440\u044f\u0442\u044c \u043f\u043e\u0447\u0442\u0443 \u0432\u0440\u0443\u0447\u043d\u0443\u044e \u043d\u0435 \u043d\u0443\u0436\u043d\u043e.\u000d\u000a\u000d\u000a\u0411\u044b\u0441\u0442\u0440\u044b\u0439 \u043f\u043e\u0438\u0441\u043a\u000d\u000a\u041d\u0430\u0445\u043e\u0434\u0438\u0442\u0435 \u043f\u0438\u0441\u044c\u043c\u0430 \u0437\u0430 \u0432\u0441\u044e \u0438\u0441\u0442\u043e\u0440\u0438\u044e \u043f\u0435\u0440\u0435\u043f\u0438\u0441\u043a\u0438. \u041f\u043e\u043b\u044c\u0437\u0443\u0439\u0442\u0435\u0441\u044c \u043f\u043e\u0438\u0441\u043a\u043e\u0432\u044b\u043c\u0438\u000d\u000a\u043f\u043e\u0434\u0441\u043a\u0430\u0437\u043a\u0430\u043c\u0438.\u000d\u000a\u000d\u000a\u041d\u0430\u0441\u0442\u0440\u043e\u0439\u043a\u0438 \u0443\u0432\u0435\u0434\u043e\u043c\u043b\u0435\u043d\u0438\u0439 \u043e \u043f\u0438\u0441\u044c\u043c\u0430\u0445\u000d\u000a\u041d\u0430\u0441\u0442\u0440\u043e\u0439\u0442\u0435 \u0443\u0432\u0435\u0434\u043e\u043c\u043b\u0435\u043d\u0438\u044f \u043e \u043d\u043e\u0432\u044b\u0445 \u043f\u0438\u0441\u044c\u043c\u0430\u0445. \u0411\u043b\u0430\u0433\u043e\u0434\u0430\u0440\u044f \u0433\u0438\u0431\u043a\u043e\u0439 \u0441\u0438\u0441\u0442\u0435\u043c\u0435 \u043d\u0430\u0441\u0442\u0440\u043e\u0435\u043a\u000d\u000a\u043c\u043e\u0436\u043d\u043e \u043f\u043e\u043b\u0443\u0447\u0430\u0442\u044c \u0443\u0432\u0435\u0434\u043e\u043c\u043b\u0435\u043d\u0438\u044f \u043e \u043f\u0438\u0441\u044c\u043c\u0430\u0445 \u0438\u0437 \u043e\u043f\u0440\u0435\u0434\u0435\u043b\u0435\u043d\u043d\u043e\u0439 \u043f\u0430\u043f\u043a\u0438 \u0438\u043b\u0438 \u0432\u000d\u000a\u043e\u043f\u0440\u0435\u0434\u0435\u043b\u0435\u043d\u043d\u043e\u0435 \u0432\u0440\u0435\u043c\u044f.\u000d\u000a\u000d\u000a\u041f\u0440\u043e\u0441\u0442\u043e\u0439 \u0438 \u0443\u0434\u043e\u0431\u043d\u044b\u0439 \u0438\u043d\u0442\u0435\u0440\u0444\u0435\u0439\u0441\u000d\u000a\u0427\u0438\u0442\u0430\u0439\u0442\u0435 \u043f\u043e\u0447\u0442\u0443, \u043f\u0438\u0448\u0438\u0442\u0435 \u043f\u0438\u0441\u044c\u043c\u0430, \u043d\u0430\u0445\u043e\u0434\u0438\u0442\u0435 \u0441\u0430\u043c\u043e\u0435 \u0432\u0430\u0436\u043d\u043e\u0435 \u0438 \u0431\u044b\u0441\u0442\u0440\u043e \u0440\u0435\u0448\u0430\u0439\u0442\u0435\u000d\u000a\u0440\u0430\u0437\u043d\u044b\u0435 \u0437\u0430\u0434\u0430\u0447\u0438.\u000d\u000a\u000d\u000a\u041c\u0443\u043b\u044c\u0442\u0438\u0430\u043a\u043a\u0430\u0443\u043d\u0442\u000d\u000a\u0421\u043e\u0431\u0435\u0440\u0438\u0442\u0435 \u0432\u0441\u0435 \u043f\u043e\u0447\u0442\u043e\u0432\u044b\u0435 \u044f\u0449\u0438\u043a\u0438 \u0432 \u044d\u0442\u043e\u043c \u043f\u0440\u0438\u043b\u043e\u0436\u0435\u043d\u0438\u0438. \u041f\u043e\u043b\u044c\u0437\u0443\u0439\u0442\u0435\u0441\u044c \u0438\u043c\u0438\u000d\u000a\u043e\u0434\u043d\u043e\u0432\u0440\u0435\u043c\u0435\u043d\u043d\u043e, \u043f\u0435\u0440\u0435\u043a\u043b\u044e\u0447\u0430\u044f\u0441\u044c \u0432 \u043e\u0434\u0438\u043d \u043a\u043b\u0438\u043a.\u000d\u000a\u000d\u000a\u0427\u0442\u0435\u043d\u0438\u0435 \u043f\u0438\u0441\u0435\u043c \u0431\u0435\u0437 \u043f\u043e\u0434\u043a\u043b\u044e\u0447\u0435\u043d\u0438\u044f \u043a \u0438\u043d\u0442\u0435\u0440\u043d\u0435\u0442\u0443\u000d\u000a\u041f\u0440\u043e\u0441\u043c\u0430\u0442\u0440\u0438\u0432\u0430\u0439\u0442\u0435 \u043f\u0438\u0441\u044c\u043c\u0430 \u0431\u0435\u0437 \u043f\u043e\u0434\u043a\u043b\u044e\u0447\u0435\u043d\u0438\u044f \u043a \u0438\u043d\u0442\u0435\u0440\u043d\u0435\u0442\u0443, \u043d\u0430\u043f\u0440\u0438\u043c\u0435\u0440, \u043d\u0430\u0445\u043e\u0434\u044f\u0441\u044c \u043d\u0430\u000d\u000a\u0431\u043e\u0440\u0442\u0443 \u0441\u0430\u043c\u043e\u043b\u0451\u0442\u0430 \u0438\u043b\u0438 \u0442\u0430\u043c, \u0433\u0434\u0435 \u043f\u043b\u043e\u0445\u043e \u0440\u0430\u0431\u043e\u0442\u0430\u0435\u0442 \u0441\u043e\u0442\u043e\u0432\u0430\u044f \u0441\u0432\u044f\u0437\u044c.\u000d\u000a\u000d\u000a\u0421\u0438\u043d\u0445\u0440\u043e\u043d\u0438\u0437\u0430\u0446\u0438\u044f \u043f\u043e\u0447\u0442\u044b \u043d\u0430 \u0432\u0441\u0435\u0445 \u0443\u0441\u0442\u0440\u043e\u0439\u0441\u0442\u0432\u0430\u0445\u000d\u000a\u0412 \u043f\u0440\u0438\u043b\u043e\u0436\u0435\u043d\u0438\u0438 \u0435\u0441\u0442\u044c \u0432\u0441\u0451 \u043d\u0435\u043e\u0431\u0445\u043e\u0434\u0438\u043c\u043e\u0435 \u0434\u043b\u044f \u0440\u0430\u0431\u043e\u0442\u044b \u0441 \u043f\u043e\u0447\u0442\u043e\u0439: \u0441\u043f\u0438\u0441\u043e\u043a \u043f\u0438\u0441\u0435\u043c \u0441\u000d\u000a\u0430\u0432\u0430\u0442\u0430\u0440\u043a\u0430\u043c\u0438, \u0432\u043e\u0437\u043c\u043e\u0436\u043d\u043e\u0441\u0442\u044c \u043e\u0442\u043f\u0440\u0430\u0432\u043b\u044f\u0442\u044c \u0438 \u043f\u043e\u043b\u0443\u0447\u0430\u0442\u044c \u0432\u043b\u043e\u0436\u0435\u043d\u0438\u044f, \u043f\u0435\u0440\u0441\u043e\u043d\u0430\u043b\u044c\u043d\u044b\u0439\u000d\u000a\u0441\u043f\u0430\u043c-\u0444\u0438\u043b\u044c\u0442\u0440, \u0446\u0435\u043f\u043e\u0447\u043a\u0438 \u043f\u0438\u0441\u0435\u043c \u0438 \u043c\u043d\u043e\u0433\u043e\u0435 \u0434\u0440\u0443\u0433\u043e\u0435.\u000d\u000a\u000d\u000a\u000d\u000a\u000d\u000a\u0421\u043b\u0435\u0434\u0438\u0442\u0435 \u0437\u0430 \u043d\u0430\u0448\u0438\u043c\u0438 \u043d\u043e\u0432\u043e\u0441\u0442\u044f\u043c\u0438 \u0432 \u0431\u043b\u043e\u0433\u0435 \u041f\u043e\u0447\u0442\u044b >> https://mailblog.mail.ru/ \u000d\u000a\u000d\u000a\u0418 \u0432 \u0441\u043e\u0446\u0438\u0430\u043b\u044c\u043d\u044b\u0445 \u0441\u0435\u0442\u044f\u0445:\u000d\u000a\u000d\u000a\u0412\u043a\u043e\u043d\u0442\u0430\u043a\u0442\u0435 >> https://vk.com/e_mail_ru\u000d\u000a\u000d\u000a\u041e\u0434\u043d\u043e\u043a\u043b\u0430\u0441\u0441\u043d\u0438\u043a\u0438 >> https://ok.ru/group/52522315940083\u000d\u000a\u000d\u000aFacebook >> https://www.facebook.com/why.mail.ru\u000d\u000a\u000d\u000aTwitter >> https://twitter.com/e_mail_ru\u000d\u000a\u000d\u000a\u041c\u043e\u0439 \u041c\u0438\u0440 >> https://my.mail.ru/community/mailru/\u000d\u000a\u000d\u000a\u000d\u000a\u000d\u000a\u0421 \u043d\u0430\u0438\u043b\u0443\u0447\u0448\u0438\u043c\u0438 \u043f\u043e\u0436\u0435\u043b\u0430\u043d\u0438\u044f\u043c\u0438, \u043a\u043e\u043c\u0430\u043d\u0434\u0430 \u041f\u043e\u0447\u0442\u044b Mail.ru\u000d\u000a\u000d\u000a\u0421\u043b\u0443\u0436\u0431\u0430 \u043f\u043e\u0434\u0434\u0435\u0440\u0436\u043a\u0438 >> https://r.mail.ru/n221133080\u000d\u000a\u000d\u000aMail.ru Group, \u041c\u043e\u0441\u043a\u0432\u0430 \u2014 \u0412\u0441\u0435 \u043f\u0440\u0430\u0432\u0430 \u0437\u0430\u0449\u0438\u0449\u0435\u043d\u044b.','5d289c2c-bbaa-fda4-d05f-27d5463e21a2','bug','current')
COMMIT
INSERT INTO MAILREADER_TASK VALUES('d850128f-adcd-64f1-c158-33eb5ec97df1',1,'2020-01-28 22:24:17.752000','admin','2020-01-28 22:24:17.752000',NULL,NULL,NULL,'\u0421\u043d\u0430\u0431\u0436\u0435\u043d\u0438\u0435',NULL,NULL,NULL)
INSERT INTO MAILREADER_TRACKER VALUES('fcabb4ba-1c7f-05bf-9130-2e1b9dc94678',1,'2020-01-28 22:24:17.749000','admin','2020-01-28 22:24:17.749000',NULL,NULL,NULL,NULL,'Mail.ru \u2013 \u0431\u043e\u043b\u044c\u0448\u0435, \u0447\u0435\u043c \u043f\u043e\u0447\u0442\u0430. \u041f\u043e\u0437\u043d\u0430\u043a\u043e\u043c\u044c\u0442\u0435\u0441\u044c \u0441 \u043f\u0440\u043e\u0435\u043a\u0442\u0430\u043c\u0438 Mail.ru Group','\u000a \u0417\u0434\u0440\u0430\u0432\u0441\u0442\u0432\u0443\u0439\u0442\u0435, asdfsfad!  \u000d\u000a\u000d\u000aMail.ru \u2013 \u0432\u0430\u0448 \u043f\u0440\u043e\u0432\u043e\u0434\u043d\u0438\u043a \u0432 \u0438\u043d\u0442\u0435\u0440\u043d\u0435\u0442.\u000d\u000a\u0423\u0437\u043d\u0430\u0439\u0442\u0435 \u0431\u043e\u043b\u044c\u0448\u0435 \u043e \u043f\u0440\u043e\u0435\u043a\u0442\u0430\u0445 Mail.ru Group.\u000d\u000a\u000d\u000a\u041f\u043e\u0434\u0440\u043e\u0431\u043d\u043e\u0441\u0442\u0438 \u0432\u043d\u0438\u0437\u0443\u000d\u000a\u000d\u000a\u000d\u000a\u041f\u043e\u0447\u0442\u0430 <https://r.mail.ru/n221136858>\u000d\u000a\u000d\u000a\u041f\u0438\u0448\u0438\u0442\u0435 \u0438 \u0447\u0438\u0442\u0430\u0439\u0442\u0435 \u043f\u0438\u0441\u044c\u043c\u0430, \u043f\u0440\u043e\u0441\u043c\u0430\u0442\u0440\u0438\u0432\u0430\u0439\u0442\u0435 \u0438 \u0440\u0435\u0434\u0430\u043a\u0442\u0438\u0440\u0443\u0439\u0442\u0435 \u0444\u0430\u0439\u043b\u044b \u0438 \u0444\u043e\u0442\u043e.\u000d\u000a\u000d\u000a\u000d\u000a\u041e\u0431\u043b\u0430\u043a\u043e <https://r.mail.ru/n221132422>\u000d\u000a\u000d\u000a\u041d\u0443\u0436\u043d\u044b\u0435 \u0444\u0430\u0439\u043b\u044b \u0434\u043e\u0441\u0442\u0443\u043f\u043d\u044b \u0432\u0430\u043c \u0432 \u043b\u044e\u0431\u043e\u0439 \u0442\u043e\u0447\u043a\u0435 \u043c\u0438\u0440\u0430, \u0441 \u043a\u043e\u043c\u043f\u044c\u044e\u0442\u0435\u0440\u0430 \u0438\u043b\u0438 \u0442\u0435\u043b\u0435\u0444\u043e\u043d\u0430.\u000d\u000a\u000d\u000a\u000d\u000a\u0411\u0440\u0430\u0443\u0437\u0435\u0440 \u0410\u0442\u043e\u043c <https://r.mail.ru/n297083864>\u000d\u000a\u000d\u000a\u041f\u043e\u043f\u0440\u043e\u0431\u0443\u0439\u0442\u0435 \u0431\u044b\u0441\u0442\u0440\u044b\u0439, \u043f\u0440\u0438\u0432\u0430\u0442\u043d\u044b\u0439 \u0438 \u0431\u0435\u0437\u043e\u043f\u0430\u0441\u043d\u044b\u0439 \u0431\u0440\u0430\u0443\u0437\u0435\u0440 \u043e\u0442 Mail.ru.\u000d\u000a\u000d\u000a\u000d\u000a\u041a\u0430\u043b\u0435\u043d\u0434\u0430\u0440\u044c <https://r.mail.ru/n221132468>\u000d\u000a\u000d\u000a\u041f\u043b\u0430\u043d\u0438\u0440\u0443\u0439\u0442\u0435 \u0437\u0430\u0434\u0430\u0447\u0438 \u0438 \u0432\u0441\u0442\u0440\u0435\u0447\u0438 \u0441\u043e\u0432\u043c\u0435\u0441\u0442\u043d\u043e \u0441\u043e \u0441\u0432\u043e\u0438\u043c\u0438 \u043a\u043e\u043b\u043b\u0435\u0433\u0430\u043c\u0438.\u000d\u000a\u000d\u000a\u000d\u000aICQ <https://r.mail.ru/n221133685>\u000d\u000a\u000d\u000a\u041e\u0431\u0449\u0430\u0439\u0442\u0435\u0441\u044c \u0441\u043e \u0441\u0432\u043e\u0438\u043c\u0438 \u0434\u0440\u0443\u0437\u044c\u044f\u043c\u0438 \u0438 \u043a\u043e\u043b\u043b\u0435\u0433\u0430\u043c\u0438 \u0432 \u0440\u0435\u0436\u0438\u043c\u0435 \u0440\u0435\u0430\u043b\u044c\u043d\u043e\u0433\u043e \u0432\u0440\u0435\u043c\u0435\u043d\u0438.\u000d\u000a\u000d\u000a\u000d\u000a\u041e\u041a <https://r.mail.ru/n221134140>\u000d\u000a\u000d\u000a\u0418\u0449\u0438\u0442\u0435 \u0441\u0442\u0430\u0440\u044b\u0445 \u0434\u0440\u0443\u0437\u0435\u0439, \u0432\u0441\u0442\u0443\u043f\u0430\u0439\u0442\u0435 \u0432 \u0438\u043d\u0442\u0435\u0440\u0435\u0441\u043d\u044b\u0435 \u0433\u0440\u0443\u043f\u043f\u044b \u0438 \u0432\u044b\u043a\u043b\u0430\u0434\u044b\u0432\u0430\u0439\u0442\u0435\u000d\u000a\u0441\u0432\u043e\u0438 \u0444\u043e\u0442\u043e.\u000d\u000a\u000d\u000a\u000d\u000a\u041c\u043e\u0439 \u041c\u0438\u0440 <https://r.mail.ru/n221134216>\u000d\u000a\u000d\u000a\u041e\u0431\u0449\u0430\u0439\u0442\u0435\u0441\u044c \u0441 \u0434\u0440\u0443\u0437\u044c\u044f\u043c\u0438, \u0438\u0433\u0440\u0430\u0439\u0442\u0435 \u0438 \u0434\u0435\u043b\u0438\u0442\u0435\u0441\u044c \u0444\u043e\u0442\u043e\u0433\u0440\u0430\u0444\u0438\u044f\u043c\u0438.\u000d\u000a\u000d\u000a\u000d\u000a\u041d\u043e\u0432\u043e\u0441\u0442\u0438 <https://r.mail.ru/n222048210>\u000d\u000a\u000d\u000a\u0411\u0443\u0434\u044c\u0442\u0435 \u0432 \u043a\u0443\u0440\u0441\u0435 \u0433\u043b\u0430\u0432\u043d\u044b\u0445 \u0441\u043e\u0431\u044b\u0442\u0438\u0439 \u0434\u043d\u044f.\u000d\u000a\u000d\u000a\u000d\u000a\u0413\u043e\u0440\u043e\u0441\u043a\u043e\u043f\u044b <https://r.mail.ru/n221135813>\u000d\u000a\u000d\u000a\u0423\u0437\u043d\u0430\u0432\u0430\u0439\u0442\u0435 \u0430\u0441\u0442\u0440\u043e\u043b\u043e\u0433\u0438\u0447\u0435\u0441\u043a\u0438\u0439 \u043f\u0440\u043e\u0433\u043d\u043e\u0437 \u043d\u0430 \u0434\u0435\u043d\u044c \u0434\u043b\u044f \u0441\u0435\u0431\u044f \u0438 \u0441\u0432\u043e\u0438\u0445 \u0431\u043b\u0438\u0437\u043a\u0438\u0445.\u000d\u000a\u000d\u000a\u000d\u000a\u0418\u0433\u0440\u044b <https://r.mail.ru/n221135942>\u000d\u000a\u000d\u000a\u0418\u0433\u0440\u0430\u0439\u0442\u0435 \u0432 \u0431\u0435\u0441\u043f\u043b\u0430\u0442\u043d\u044b\u0435 \u043e\u043d\u043b\u0430\u0439\u043d-\u0438\u0433\u0440\u044b \u0432\u043c\u0435\u0441\u0442\u0435 \u0441 \u0434\u0440\u0443\u0437\u044c\u044f\u043c\u0438 \u0438\u043b\u0438 \u043d\u043e\u0432\u044b\u043c\u0438 \u0437\u043d\u0430\u043a\u043e\u043c\u044b\u043c\u0438.\u000d\u000a\u000d\u000a\u000d\u000a\u0417\u043d\u0430\u043a\u043e\u043c\u0441\u0442\u0432\u0430 <https://r.mail.ru/n221136076>\u000d\u000a\u000d\u000a\u041d\u0430\u0439\u0434\u0438\u0442\u0435 \u043d\u043e\u0432\u044b\u0445 \u0434\u0440\u0443\u0437\u0435\u0439 \u043f\u043e \u0438\u043d\u0442\u0435\u0440\u0435\u0441\u0430\u043c \u0438, \u0432\u043e\u0437\u043c\u043e\u0436\u043d\u043e, \u0441\u0432\u043e\u044e \u043b\u044e\u0431\u043e\u0432\u044c.\u000d\u000a\u000d\u000a\u000d\u000a\u041f\u043e\u0433\u043e\u0434\u0430 <https://r.mail.ru/n221136133>\u000d\u000a\u000d\u000a\u0411\u0443\u0434\u044c\u0442\u0435 \u0432 \u043a\u0443\u0440\u0441\u0435 \u043f\u0440\u043e\u0433\u043d\u043e\u0437\u0430 \u043f\u043e\u0433\u043e\u0434\u044b, \u0447\u0442\u043e\u0431\u044b \u0432\u043e\u0432\u0440\u0435\u043c\u044f \u0437\u0430\u0445\u0432\u0430\u0442\u0438\u0442\u044c \u0437\u043e\u043d\u0442\u0438\u043a.\u000d\u000a\u000d\u000a\u000d\u000a\u000d\u000a\u0414\u043e\u0431\u0440\u043e Mail.ru <https://r.mail.ru/n221136287>\u000d\u000a\u000d\u000a\u041f\u043e\u043c\u043e\u0433\u0430\u0439\u0442\u0435 \u0442\u0435\u043c, \u043a\u0442\u043e \u0432 \u044d\u0442\u043e\u043c \u043d\u0443\u0436\u0434\u0430\u0435\u0442\u0441\u044f.\u000d\u000a\u000d\u000a\u000d\u000a\u0421\u043b\u0435\u0434\u0438\u0442\u0435 \u0437\u0430 \u043d\u0430\u0448\u0438\u043c\u0438 \u043d\u043e\u0432\u043e\u0441\u0442\u044f\u043c\u0438 \u0432 \u0431\u043b\u043e\u0433\u0435 <https://mailblog.mail.ru/> \u041f\u043e\u0447\u0442\u044b\u000d\u000a\u0438 \u0441\u043e\u0446\u0438\u0430\u043b\u044c\u043d\u044b\u0445 \u0441\u0435\u0442\u044f\u0445:\u000d\u000a\u000d\u000a\u000d\u000a\u0412\u043a\u043e\u043d\u0442\u0430\u043a\u0442\u0435 <https://vk.com/e_mail_ru>\u000d\u000a\u000d\u000a\u041e\u0434\u043d\u043e\u043a\u043b\u0430\u0441\u0441\u043d\u0438\u043a\u0438 <https://ok.ru/group/52522315940083>\u000d\u000a\u000d\u000aFacebook <https://www.facebook.com/why.mail.ru>\u000d\u000a\u000d\u000aTwitter <https://twitter.com/e_mail_ru>\u000d\u000a\u000d\u000a\u041c\u043e\u0439 \u041c\u0438\u0440 <https://my.mail.ru/community/mailru/>\u000d\u000a\u000d\u000a\u000d\u000a\u000d\u000a\u0421 \u043d\u0430\u0438\u043b\u0443\u0447\u0448\u0438\u043c\u0438 \u043f\u043e\u0436\u0435\u043b\u0430\u043d\u0438\u044f\u043c\u0438, \u043a\u043e\u043c\u0430\u043d\u0434\u0430 \u041f\u043e\u0447\u0442\u044b Mail.ru\u000d\u000a\u000d\u000a\u0421\u043b\u0443\u0436\u0431\u0430 \u043f\u043e\u0434\u0434\u0435\u0440\u0436\u043a\u0438 <https://r.mail.ru/n221133080>\u000d\u000a\u000d\u000aMail.ru Group, \u041c\u043e\u0441\u043a\u0432\u0430 \u2014 \u0412\u0441\u0435 \u043f\u0440\u0430\u0432\u0430 \u0437\u0430\u0449\u0438\u0449\u0435\u043d\u044b.','d850128f-adcd-64f1-c158-33eb5ec97df1','bug','current')
COMMIT
DELETE FROM SYS_SERVER WHERE ID='4853e7ac-ee32-05cd-1113-1c6c4ff4aba3'
INSERT INTO SYS_SERVER VALUES('4853e7ac-ee32-05cd-1113-1c6c4ff4aba3','2020-01-28 21:56:42.939000',NULL,'2020-01-28 22:24:48.910000',NULL,'localhost:8080/app-core',TRUE,NULL)
COMMIT
DELETE FROM SYS_SERVER WHERE ID='4853e7ac-ee32-05cd-1113-1c6c4ff4aba3'
INSERT INTO SYS_SERVER VALUES('4853e7ac-ee32-05cd-1113-1c6c4ff4aba3','2020-01-28 21:56:42.939000',NULL,'2020-01-28 22:25:48.910000',NULL,'localhost:8080/app-core',TRUE,NULL)
COMMIT
/*C91*/SET SCHEMA PUBLIC
INSERT INTO SEC_USER_SETTING VALUES('1cd7b9e2-f6f0-4de4-23be-0040aa227d20','2020-01-28 22:26:05.532000','admin','60885987-1b61-4247-94c7-dff348347f93','W','sys$ScheduledTask.browse','<?xml version="1.0" encoding="UTF-8"?>\u000a\u000a<settings>\u000a  <components>\u000a    <component name="tasksFilter">\u000a      <defaultFilter/>\u000a    </component>\u000a    <component name="tasksTable" presentation=""/>\u000a  </components>\u000a</settings>\u000a')
COMMIT
DELETE FROM SYS_SERVER WHERE ID='4853e7ac-ee32-05cd-1113-1c6c4ff4aba3'
INSERT INTO SYS_SERVER VALUES('4853e7ac-ee32-05cd-1113-1c6c4ff4aba3','2020-01-28 21:56:42.939000',NULL,'2020-01-28 22:26:48.910000',NULL,'localhost:8080/app-core',TRUE,NULL)
COMMIT
DELETE FROM SYS_SERVER WHERE ID='4853e7ac-ee32-05cd-1113-1c6c4ff4aba3'
INSERT INTO SYS_SERVER VALUES('4853e7ac-ee32-05cd-1113-1c6c4ff4aba3','2020-01-28 21:56:42.939000',NULL,'2020-01-28 22:27:49.074000',NULL,'localhost:8080/app-core',TRUE,NULL)
COMMIT
DELETE FROM SYS_SERVER WHERE ID='4853e7ac-ee32-05cd-1113-1c6c4ff4aba3'
INSERT INTO SYS_SERVER VALUES('4853e7ac-ee32-05cd-1113-1c6c4ff4aba3','2020-01-28 21:56:42.939000',NULL,'2020-01-28 22:28:49.061000',NULL,'localhost:8080/app-core',TRUE,NULL)
COMMIT
DELETE FROM SYS_SERVER WHERE ID='4853e7ac-ee32-05cd-1113-1c6c4ff4aba3'
INSERT INTO SYS_SERVER VALUES('4853e7ac-ee32-05cd-1113-1c6c4ff4aba3','2020-01-28 21:56:42.939000',NULL,'2020-01-28 22:29:49.061000',NULL,'localhost:8080/app-core',TRUE,NULL)
COMMIT
DELETE FROM SYS_SERVER WHERE ID='4853e7ac-ee32-05cd-1113-1c6c4ff4aba3'
INSERT INTO SYS_SERVER VALUES('4853e7ac-ee32-05cd-1113-1c6c4ff4aba3','2020-01-28 21:56:42.939000',NULL,'2020-01-28 22:30:49.062000',NULL,'localhost:8080/app-core',TRUE,NULL)
COMMIT
DISCONNECT
/*C90*/DISCONNECT
